#
# There is insufficient memory for the Java Runtime Environment to continue.
# Native memory allocation (mmap) failed to map 34603008 bytes. Error detail: G1 virtual space
# Possible reasons:
#   The system is out of physical RAM or swap space
#   This process is running with CompressedOops enabled, and the Java Heap may be blocking the growth of the native heap
# Possible solutions:
#   Reduce memory load on the system
#   Increase physical memory or swap space
#   Check if swap backing store is full
#   Decrease Java heap size (-Xmx/-Xms)
#   Decrease number of Java threads
#   Decrease Java thread stack sizes (-Xss)
#   Set larger code cache with -XX:ReservedCodeCacheSize=
#   JVM is running with Unscaled Compressed Oops mode in which the Java heap is
#     placed in the first 4GB address space. The Java Heap base address is the
#     maximum limit for the native heap growth. Please use -XX:HeapBaseMinAddress
#     to set the Java Heap base and to place the Java Heap above 4GB virtual address.
# This output file may be truncated or incomplete.
#
#  Out of Memory Error (os_windows.cpp:3925), pid=1840, tid=4044
#
# JRE version: OpenJDK Runtime Environment (21.0.8) (build 21.0.8+-14018985-b1038.68)
# Java VM: OpenJDK 64-Bit Server VM (21.0.8+-14018985-b1038.68, mixed mode, tiered, compressed oops, compressed class ptrs, g1 gc, windows-amd64)
# No core dump will be written. Minidumps are not enabled by default on client versions of Windows
#

---------------  S U M M A R Y ------------

Command Line: org.jetbrains.kotlin.cli.jvm.K2JVMCompiler @E:\Mwende\AndroidStudio\AndroidStudioProjects\Telemed\app\build\20251012_17555040173379792370.compiler.options

Host: Intel(R) Core(TM) i5-1035G1 CPU @ 1.00GHz, 8 cores, 7G,  Windows 11 , 64 bit Build 26100 (10.0.26100.4484)
Time: Sun Oct 12 22:22:28 2025 E. Africa Standard Time elapsed time: 4.269435 seconds (0d 0h 0m 4s)

---------------  T H R E A D  ---------------

Current thread (0x000002453054af50):  VMThread "VM Thread"          [id=4044, stack(0x000000c9fdd00000,0x000000c9fde00000) (1024K)]

Stack: [0x000000c9fdd00000,0x000000c9fde00000]
Native frames: (J=compiled Java code, j=interpreted, Vv=VM code, C=native code)
V  [jvm.dll+0x6d68d9]
V  [jvm.dll+0x866693]
V  [jvm.dll+0x868c4e]
V  [jvm.dll+0x869333]
V  [jvm.dll+0x280566]
V  [jvm.dll+0x6d3195]
V  [jvm.dll+0x6c69ea]
V  [jvm.dll+0x3586db]
V  [jvm.dll+0x360336]
V  [jvm.dll+0x3b23f6]
V  [jvm.dll+0x3b26c8]
V  [jvm.dll+0x32ae6c]
V  [jvm.dll+0x32aef7]
V  [jvm.dll+0x370d3c]
V  [jvm.dll+0x36f4ee]
V  [jvm.dll+0x32a5c1]
V  [jvm.dll+0x36ebf0]
V  [jvm.dll+0x86f0b8]
V  [jvm.dll+0x870434]
V  [jvm.dll+0x870970]
V  [jvm.dll+0x870c03]
V  [jvm.dll+0x80eac8]
V  [jvm.dll+0x6d512d]
C  [ucrtbase.dll+0x37b0]
C  [KERNEL32.DLL+0x2e8d7]
C  [ntdll.dll+0x3c34c]

VM_Operation (0x000000c9fd6fcd20): G1CollectForAllocation, mode: safepoint, requested by thread 0x0000024516be0ef0


---------------  P R O C E S S  ---------------

Threads class SMR info:
_java_thread_list=0x000002453658e0f0, length=13, elements={
0x0000024516be0ef0, 0x00000245306ef7f0, 0x00000245306f5c70, 0x0000024530708d10,
0x00000245307243a0, 0x0000024530724e00, 0x0000024530725860, 0x00000245307262c0,
0x0000024530727050, 0x0000024530727c20, 0x00000245308d1a20, 0x000002453094a930,
0x00000245363280d0
}

Java Threads: ( => current thread )
  0x0000024516be0ef0 JavaThread "main"                              [_thread_blocked, id=6032, stack(0x000000c9fd600000,0x000000c9fd700000) (1024K)]
  0x00000245306ef7f0 JavaThread "Common-Cleaner"             daemon [_thread_blocked, id=6920, stack(0x000000c9fde00000,0x000000c9fdf00000) (1024K)]
  0x00000245306f5c70 JavaThread "Reference Handler"          daemon [_thread_blocked, id=9996, stack(0x000000c9fdf00000,0x000000c9fe000000) (1024K)]
  0x0000024530708d10 JavaThread "Finalizer"                  daemon [_thread_blocked, id=7112, stack(0x000000c9fe000000,0x000000c9fe100000) (1024K)]
  0x00000245307243a0 JavaThread "Signal Dispatcher"          daemon [_thread_blocked, id=11532, stack(0x000000c9fe100000,0x000000c9fe200000) (1024K)]
  0x0000024530724e00 JavaThread "Attach Listener"            daemon [_thread_blocked, id=9784, stack(0x000000c9fe200000,0x000000c9fe300000) (1024K)]
  0x0000024530725860 JavaThread "Service Thread"             daemon [_thread_blocked, id=11872, stack(0x000000c9fe300000,0x000000c9fe400000) (1024K)]
  0x00000245307262c0 JavaThread "Monitor Deflation Thread"   daemon [_thread_blocked, id=12432, stack(0x000000c9fe400000,0x000000c9fe500000) (1024K)]
  0x0000024530727050 JavaThread "C2 CompilerThread0"         daemon [_thread_blocked, id=8028, stack(0x000000c9fe500000,0x000000c9fe600000) (1024K)]
  0x0000024530727c20 JavaThread "C1 CompilerThread0"         daemon [_thread_blocked, id=4592, stack(0x000000c9fe600000,0x000000c9fe700000) (1024K)]
  0x00000245308d1a20 JavaThread "Notification Thread"        daemon [_thread_blocked, id=3856, stack(0x000000c9fe700000,0x000000c9fe800000) (1024K)]
  0x000002453094a930 JavaThread "C2 CompilerThread1"         daemon [_thread_blocked, id=4800, stack(0x000000c9fe800000,0x000000c9fe900000) (1024K)]
  0x00000245363280d0 JavaThread "C2 CompilerThread2"         daemon [_thread_in_native, id=12828, stack(0x000000c9fe900000,0x000000c9fea00000) (1024K)]
Total: 13

Other Threads:
=>0x000002453054af50 VMThread "VM Thread"                           [id=4044, stack(0x000000c9fdd00000,0x000000c9fde00000) (1024K)]
  0x00000245304f14e0 WatcherThread "VM Periodic Task Thread"        [id=4348, stack(0x000000c9fdc00000,0x000000c9fdd00000) (1024K)]
  0x00000245186ec670 WorkerThread "GC Thread#0"                     [id=3956, stack(0x000000c9fd700000,0x000000c9fd800000) (1024K)]
  0x00000245353bf090 WorkerThread "GC Thread#1"                     [id=1212, stack(0x000000c9fea00000,0x000000c9feb00000) (1024K)]
  0x00000245356234c0 WorkerThread "GC Thread#2"                     [id=4312, stack(0x000000c9feb00000,0x000000c9fec00000) (1024K)]
  0x00000245356427d0 WorkerThread "GC Thread#3"                     [id=5952, stack(0x000000c9fec00000,0x000000c9fed00000) (1024K)]
  0x0000024535642f70 WorkerThread "GC Thread#4"                     [id=6120, stack(0x000000c9fed00000,0x000000c9fee00000) (1024K)]
  0x0000024535643310 WorkerThread "GC Thread#5"                     [id=3512, stack(0x000000c9fee00000,0x000000c9fef00000) (1024K)]
  0x00000245358979c0 WorkerThread "GC Thread#6"                     [id=3188, stack(0x000000c9fef00000,0x000000c9ff000000) (1024K)]
  0x00000245358984a0 WorkerThread "GC Thread#7"                     [id=6576, stack(0x000000c9ff000000,0x000000c9ff100000) (1024K)]
  0x00000245186fce50 ConcurrentGCThread "G1 Main Marker"            [id=7264, stack(0x000000c9fd800000,0x000000c9fd900000) (1024K)]
  0x00000245186fe790 WorkerThread "G1 Conc#0"                       [id=11928, stack(0x000000c9fd900000,0x000000c9fda00000) (1024K)]
  0x0000024535898100 WorkerThread "G1 Conc#1"                       [id=10160, stack(0x000000c9ff100000,0x000000c9ff200000) (1024K)]
  0x00000245303b9e80 ConcurrentGCThread "G1 Refine#0"               [id=1908, stack(0x000000c9fda00000,0x000000c9fdb00000) (1024K)]
  0x00000245303bb8a0 ConcurrentGCThread "G1 Service"                [id=5336, stack(0x000000c9fdb00000,0x000000c9fdc00000) (1024K)]
Total: 15

Threads with active compile tasks:
C2 CompilerThread2  4284 5531       4       org.jetbrains.org.objectweb.asm.ClassReader::readMethod (1061 bytes)
Total: 1

VM state: at safepoint (normal execution)

VM Mutex/Monitor currently owned by a thread:  ([mutex/lock_event])
[0x00007ffc4d9085b8] Threads_lock - owner thread: 0x000002453054af50
[0x00007ffc4d9086b8] Heap_lock - owner thread: 0x0000024516be0ef0

Heap address: 0x0000000084000000, size: 1984 MB, Compressed Oops mode: 32-bit

CDS archive(s) not mapped
Compressed class space mapped at: 0x0000000100000000-0x0000000140000000, reserved size: 1073741824
Narrow klass base: 0x0000000000000000, Narrow klass shift: 3, Narrow klass range: 0x140000000

GC Precious Log:
 CardTable entry size: 512
 Card Set container configuration: InlinePtr #cards 5 size 8 Array Of Cards #cards 12 size 40 Howl #buckets 4 coarsen threshold 1843 Howl Bitmap #cards 512 size 80 coarsen threshold 460 Card regions per heap region 1 cards per card region 2048
 CPUs: 8 total, 8 available
 Memory: 7934M
 Large Page Support: Disabled
 NUMA Support: Disabled
 Compressed Oops: Enabled (32-bit)
 Heap Region Size: 1M
 Heap Min Capacity: 8M
 Heap Initial Capacity: 124M
 Heap Max Capacity: 1984M
 Pre-touch: Disabled
 Parallel Workers: 8
 Concurrent Workers: 2
 Concurrent Refinement Workers: 8
 Periodic GC: Disabled

Heap:
 garbage-first heap   total 67584K, used 45990K [0x0000000084000000, 0x0000000100000000)
  region size 1024K, 3 young (3072K), 3 survivors (3072K)
 Metaspace       used 53013K, committed 53632K, reserved 1114112K
  class space    used 6349K, committed 6656K, reserved 1048576K

Heap Regions: E=young(eden), S=young(survivor), O=old, HS=humongous(starts), HC=humongous(continues), CS=collection set, F=free, TAMS=top-at-mark-start, PB=parsable bottom
|   0|0x0000000084000000, 0x0000000084100000, 0x0000000084100000|100%|HS|  |TAMS 0x0000000084000000| PB 0x0000000084000000| Complete 
|   1|0x0000000084100000, 0x0000000084200000, 0x0000000084200000|100%|HC|  |TAMS 0x0000000084100000| PB 0x0000000084100000| Complete 
|   2|0x0000000084200000, 0x0000000084300000, 0x0000000084300000|100%|HC|  |TAMS 0x0000000084200000| PB 0x0000000084200000| Complete 
|   3|0x0000000084300000, 0x0000000084400000, 0x0000000084400000|100%|HC|  |TAMS 0x0000000084300000| PB 0x0000000084300000| Complete 
|   4|0x0000000084400000, 0x0000000084500000, 0x0000000084500000|100%| O|  |TAMS 0x0000000084400000| PB 0x0000000084400000| Untracked 
|   5|0x0000000084500000, 0x0000000084600000, 0x0000000084600000|100%| O|  |TAMS 0x0000000084500000| PB 0x0000000084500000| Untracked 
|   6|0x0000000084600000, 0x00000000846e9a50, 0x0000000084700000| 91%| O|  |TAMS 0x0000000084600000| PB 0x0000000084600000| Untracked 
|   7|0x0000000084700000, 0x0000000084800000, 0x0000000084800000|100%| O|  |TAMS 0x0000000084700000| PB 0x0000000084700000| Untracked 
|   8|0x0000000084800000, 0x0000000084900000, 0x0000000084900000|100%| O|  |TAMS 0x0000000084800000| PB 0x0000000084800000| Untracked 
|   9|0x0000000084900000, 0x0000000084a00000, 0x0000000084a00000|100%| O|  |TAMS 0x0000000084900000| PB 0x0000000084900000| Untracked 
|  10|0x0000000084a00000, 0x0000000084b00000, 0x0000000084b00000|100%| O|  |TAMS 0x0000000084a00000| PB 0x0000000084a00000| Untracked 
|  11|0x0000000084b00000, 0x0000000084c00000, 0x0000000084c00000|100%| O|  |TAMS 0x0000000084b00000| PB 0x0000000084b00000| Untracked 
|  12|0x0000000084c00000, 0x0000000084d00000, 0x0000000084d00000|100%| O|  |TAMS 0x0000000084c00000| PB 0x0000000084c00000| Untracked 
|  13|0x0000000084d00000, 0x0000000084e00000, 0x0000000084e00000|100%| O|  |TAMS 0x0000000084d00000| PB 0x0000000084d00000| Untracked 
|  14|0x0000000084e00000, 0x0000000084e00000, 0x0000000084f00000|  0%| F|  |TAMS 0x0000000084e00000| PB 0x0000000084e00000| Untracked 
|  15|0x0000000084f00000, 0x0000000085000000, 0x0000000085000000|100%| O|  |TAMS 0x0000000084f00000| PB 0x0000000084f00000| Untracked 
|  16|0x0000000085000000, 0x0000000085100000, 0x0000000085100000|100%| O|  |TAMS 0x0000000085000000| PB 0x0000000085000000| Untracked 
|  17|0x0000000085100000, 0x0000000085200000, 0x0000000085200000|100%| O|  |TAMS 0x0000000085100000| PB 0x0000000085100000| Untracked 
|  18|0x0000000085200000, 0x0000000085300000, 0x0000000085300000|100%| O|  |TAMS 0x0000000085200000| PB 0x0000000085200000| Untracked 
|  19|0x0000000085300000, 0x0000000085400000, 0x0000000085400000|100%| O|  |TAMS 0x0000000085300000| PB 0x0000000085300000| Untracked 
|  20|0x0000000085400000, 0x0000000085500000, 0x0000000085500000|100%| O|  |TAMS 0x0000000085400000| PB 0x0000000085400000| Untracked 
|  21|0x0000000085500000, 0x0000000085600000, 0x0000000085600000|100%| O|  |TAMS 0x0000000085500000| PB 0x0000000085500000| Untracked 
|  22|0x0000000085600000, 0x0000000085700000, 0x0000000085700000|100%| O|  |TAMS 0x0000000085600000| PB 0x0000000085600000| Untracked 
|  23|0x0000000085700000, 0x0000000085800000, 0x0000000085800000|100%| O|  |TAMS 0x0000000085700000| PB 0x0000000085700000| Untracked 
|  24|0x0000000085800000, 0x0000000085900000, 0x0000000085900000|100%| O|  |TAMS 0x0000000085800000| PB 0x0000000085800000| Untracked 
|  25|0x0000000085900000, 0x0000000085a00000, 0x0000000085a00000|100%|HS|  |TAMS 0x0000000085900000| PB 0x0000000085900000| Complete 
|  26|0x0000000085a00000, 0x0000000085b00000, 0x0000000085b00000|100%|HC|  |TAMS 0x0000000085a00000| PB 0x0000000085a00000| Complete 
|  27|0x0000000085b00000, 0x0000000085c00000, 0x0000000085c00000|100%| O|  |TAMS 0x0000000085b00000| PB 0x0000000085b00000| Untracked 
|  28|0x0000000085c00000, 0x0000000085d00000, 0x0000000085d00000|100%| O|  |TAMS 0x0000000085c00000| PB 0x0000000085c00000| Untracked 
|  29|0x0000000085d00000, 0x0000000085e00000, 0x0000000085e00000|100%| O|  |TAMS 0x0000000085d00000| PB 0x0000000085d00000| Untracked 
|  30|0x0000000085e00000, 0x0000000085f00000, 0x0000000085f00000|100%| O|  |TAMS 0x0000000085e00000| PB 0x0000000085e00000| Untracked 
|  31|0x0000000085f00000, 0x0000000086000000, 0x0000000086000000|100%| O|  |TAMS 0x0000000085f00000| PB 0x0000000085f00000| Untracked 
|  32|0x0000000086000000, 0x0000000086100000, 0x0000000086100000|100%| O|  |TAMS 0x0000000086000000| PB 0x0000000086000000| Untracked 
|  33|0x0000000086100000, 0x0000000086200000, 0x0000000086200000|100%| O|  |TAMS 0x0000000086100000| PB 0x0000000086100000| Untracked 
|  34|0x0000000086200000, 0x0000000086300000, 0x0000000086300000|100%| O|  |TAMS 0x0000000086200000| PB 0x0000000086200000| Untracked 
|  35|0x0000000086300000, 0x0000000086400000, 0x0000000086400000|100%| O|  |TAMS 0x0000000086300000| PB 0x0000000086300000| Untracked 
|  36|0x0000000086400000, 0x0000000086500000, 0x0000000086500000|100%| O|  |TAMS 0x0000000086400000| PB 0x0000000086400000| Untracked 
|  37|0x0000000086500000, 0x0000000086600000, 0x0000000086600000|100%| O|  |TAMS 0x0000000086500000| PB 0x0000000086500000| Untracked 
|  38|0x0000000086600000, 0x0000000086700000, 0x0000000086700000|100%| O|  |TAMS 0x0000000086600000| PB 0x0000000086600000| Untracked 
|  39|0x0000000086700000, 0x0000000086800000, 0x0000000086800000|100%| O|  |TAMS 0x0000000086700000| PB 0x0000000086700000| Untracked 
|  40|0x0000000086800000, 0x0000000086900000, 0x0000000086900000|100%| O|  |TAMS 0x0000000086800000| PB 0x0000000086800000| Untracked 
|  41|0x0000000086900000, 0x0000000086a00000, 0x0000000086a00000|100%| S|CS|TAMS 0x0000000086900000| PB 0x0000000086900000| Complete 
|  42|0x0000000086a00000, 0x0000000086b00000, 0x0000000086b00000|100%| S|CS|TAMS 0x0000000086a00000| PB 0x0000000086a00000| Complete 
|  43|0x0000000086b00000, 0x0000000086b00000, 0x0000000086c00000|  0%| F|  |TAMS 0x0000000086b00000| PB 0x0000000086b00000| Untracked 
|  44|0x0000000086c00000, 0x0000000086c00000, 0x0000000086d00000|  0%| F|  |TAMS 0x0000000086c00000| PB 0x0000000086c00000| Untracked 
|  45|0x0000000086d00000, 0x0000000086d00000, 0x0000000086e00000|  0%| F|  |TAMS 0x0000000086d00000| PB 0x0000000086d00000| Untracked 
|  46|0x0000000086e00000, 0x0000000086f00000, 0x0000000086f00000|100%| S|CS|TAMS 0x0000000086e00000| PB 0x0000000086e00000| Complete 
|  47|0x0000000086f00000, 0x0000000086f00000, 0x0000000087000000|  0%| F|  |TAMS 0x0000000086f00000| PB 0x0000000086f00000| Untracked 
|  48|0x0000000087000000, 0x0000000087000000, 0x0000000087100000|  0%| F|  |TAMS 0x0000000087000000| PB 0x0000000087000000| Untracked 
|  49|0x0000000087100000, 0x0000000087100000, 0x0000000087200000|  0%| F|  |TAMS 0x0000000087100000| PB 0x0000000087100000| Untracked 
|  50|0x0000000087200000, 0x0000000087200000, 0x0000000087300000|  0%| F|  |TAMS 0x0000000087200000| PB 0x0000000087200000| Untracked 
|  51|0x0000000087300000, 0x0000000087300000, 0x0000000087400000|  0%| F|  |TAMS 0x0000000087300000| PB 0x0000000087300000| Untracked 
|  52|0x0000000087400000, 0x0000000087400000, 0x0000000087500000|  0%| F|  |TAMS 0x0000000087400000| PB 0x0000000087400000| Untracked 
|  53|0x0000000087500000, 0x0000000087500000, 0x0000000087600000|  0%| F|  |TAMS 0x0000000087500000| PB 0x0000000087500000| Untracked 
|  54|0x0000000087600000, 0x0000000087600000, 0x0000000087700000|  0%| F|  |TAMS 0x0000000087600000| PB 0x0000000087600000| Untracked 
|  55|0x0000000087700000, 0x0000000087700000, 0x0000000087800000|  0%| F|  |TAMS 0x0000000087700000| PB 0x0000000087700000| Untracked 
|  56|0x0000000087800000, 0x0000000087800000, 0x0000000087900000|  0%| F|  |TAMS 0x0000000087800000| PB 0x0000000087800000| Untracked 
|  57|0x0000000087900000, 0x0000000087900000, 0x0000000087a00000|  0%| F|  |TAMS 0x0000000087900000| PB 0x0000000087900000| Untracked 
|  58|0x0000000087a00000, 0x0000000087a00000, 0x0000000087b00000|  0%| F|  |TAMS 0x0000000087a00000| PB 0x0000000087a00000| Untracked 
|  59|0x0000000087b00000, 0x0000000087b00000, 0x0000000087c00000|  0%| F|  |TAMS 0x0000000087b00000| PB 0x0000000087b00000| Untracked 
| 102|0x000000008a600000, 0x000000008a600000, 0x000000008a700000|  0%| F|  |TAMS 0x000000008a600000| PB 0x000000008a600000| Untracked 
| 103|0x000000008a700000, 0x000000008a700000, 0x000000008a800000|  0%| F|  |TAMS 0x000000008a700000| PB 0x000000008a700000| Untracked 
| 123|0x000000008bb00000, 0x000000008bb00000, 0x000000008bc00000|  0%| F|  |TAMS 0x000000008bb00000| PB 0x000000008bb00000| Untracked 
|1981|0x00000000ffd00000, 0x00000000ffe00000, 0x00000000ffe00000|100%| O|  |TAMS 0x00000000ffd00000| PB 0x00000000ffd00000| Untracked 
|1982|0x00000000ffe00000, 0x00000000ffe00000, 0x00000000fff00000|  0%| F|  |TAMS 0x00000000ffe00000| PB 0x00000000ffe00000| Untracked 
|1983|0x00000000fff00000, 0x0000000100000000, 0x0000000100000000|100%| O|  |TAMS 0x00000000fff00000| PB 0x00000000fff00000| Untracked 

Card table byte_map: [0x000002452b750000,0x000002452bb30000] _byte_map_base: 0x000002452b330000

Marking Bits: (CMBitMap*) 0x00000245186ecd70
 Bits: [0x000002452bb30000, 0x000002452da30000)

Polling page: 0x0000024516e20000

Metaspace:

Usage:
  Non-class:     45.57 MB used.
      Class:      6.20 MB used.
       Both:     51.77 MB used.

Virtual space:
  Non-class space:       64.00 MB reserved,      45.88 MB ( 72%) committed,  1 nodes.
      Class space:        1.00 GB reserved,       6.50 MB ( <1%) committed,  1 nodes.
             Both:        1.06 GB reserved,      52.38 MB (  5%) committed. 

Chunk freelists:
   Non-Class:  1.88 MB
       Class:  9.50 MB
        Both:  11.38 MB

MaxMetaspaceSize: unlimited
CompressedClassSpaceSize: 1.00 GB
Initial GC threshold: 21.00 MB
Current GC threshold: 84.81 MB
CDS: off
 - commit_granule_bytes: 65536.
 - commit_granule_words: 8192.
 - virtual_space_node_default_size: 8388608.
 - enlarge_chunks_in_place: 1.
 - use_allocation_guard: 0.


Internal statistics:

num_allocs_failed_limit: 3.
num_arena_births: 1178.
num_arena_deaths: 0.
num_vsnodes_births: 2.
num_vsnodes_deaths: 0.
num_space_committed: 836.
num_space_uncommitted: 0.
num_chunks_returned_to_freelist: 3.
num_chunks_taken_from_freelist: 2848.
num_chunk_merges: 3.
num_chunk_splits: 2191.
num_chunks_enlarged: 1688.
num_inconsistent_stats: 0.

CodeHeap 'non-profiled nmethods': size=120000Kb used=3042Kb max_used=3042Kb free=116957Kb
 bounds [0x00000245233e0000, 0x00000245236e0000, 0x000002452a910000]
CodeHeap 'profiled nmethods': size=120000Kb used=11935Kb max_used=11935Kb free=108064Kb
 bounds [0x000002451b910000, 0x000002451c4c0000, 0x0000024522e40000]
CodeHeap 'non-nmethods': size=5760Kb used=1733Kb max_used=1814Kb free=4026Kb
 bounds [0x0000024522e40000, 0x00000245230b0000, 0x00000245233e0000]
CodeCache: size=245760Kb, used=16710Kb, max_used=16791Kb, free=229047Kb
 total_blobs=5857, nmethods=5230, adapters=529, full_count=0
Compilation: enabled, stopped_count=0, restarted_count=0

Compilation events (20 events):
Event: 4.241 Thread 0x0000024530727c20 5753       3       org.jetbrains.kotlin.psi.KtSuperTypeListEntry::lambda$static$0 (15 bytes)
Event: 4.241 Thread 0x0000024530727c20 nmethod 5753 0x000002451c4b2110 code [0x000002451c4b22c0, 0x000002451c4b2488]
Event: 4.241 Thread 0x0000024530727c20 5750       3       org.jetbrains.kotlin.types.TypeConstructorSubstitution$Companion$createByConstructorsMap$1::get (20 bytes)
Event: 4.241 Thread 0x0000024530727c20 nmethod 5750 0x000002451c4b2510 code [0x000002451c4b2740, 0x000002451c4b2ea0]
Event: 4.241 Thread 0x0000024530727c20 5754       3       org.jetbrains.kotlin.resolve.OverridingUtil::createWithTypeRefiner (24 bytes)
Event: 4.241 Thread 0x0000024530727c20 nmethod 5754 0x000002451c4b3110 code [0x000002451c4b32e0, 0x000002451c4b34f0]
Event: 4.242 Thread 0x0000024530727c20 5755       3       org.jetbrains.kotlin.resolve.scopes.ResolutionScope$DefaultImpls::getContributedClassifierIncludeDeprecated (44 bytes)
Event: 4.243 Thread 0x0000024530727c20 nmethod 5755 0x000002451c4b3610 code [0x000002451c4b39e0, 0x000002451c4b5030]
Event: 4.243 Thread 0x000002453094a930 5756       4       java.lang.Class::cast (27 bytes)
Event: 4.244 Thread 0x000002453094a930 nmethod 5756 0x00000245236d7790 code [0x00000245236d7920, 0x00000245236d7a30]
Event: 4.244 Thread 0x0000024530727c20 5757       1       org.jetbrains.kotlin.resolve.lazy.descriptors.AbstractLazyMemberScope::getMainScope (5 bytes)
Event: 4.244 Thread 0x0000024530727c20 nmethod 5757 0x00000245236d7b10 code [0x00000245236d7ca0, 0x00000245236d7d68]
Event: 4.244 Thread 0x0000024530727c20 5758       3       org.jetbrains.kotlin.psi.KtDeclarationStub::getParent (45 bytes)
Event: 4.245 Thread 0x000002453094a930 5761       4       org.jetbrains.kotlin.utils.SmartList::add (149 bytes)
Event: 4.245 Thread 0x0000024530727c20 nmethod 5758 0x000002451c4b5810 code [0x000002451c4b5ac0, 0x000002451c4b66e8]
Event: 4.245 Thread 0x0000024530727c20 5759       3       org.jetbrains.kotlin.com.intellij.psi.impl.source.PsiFileImpl::getVirtualFile (50 bytes)
Event: 4.246 Thread 0x0000024530727c20 nmethod 5759 0x000002451c4b6b90 code [0x000002451c4b6dc0, 0x000002451c4b76e8]
Event: 4.246 Thread 0x0000024530727c20 5760       3       org.jetbrains.kotlin.com.intellij.openapi.util.Key::get (16 bytes)
Event: 4.246 Thread 0x0000024530727c20 nmethod 5760 0x000002451c4b7910 code [0x000002451c4b7ac0, 0x000002451c4b7ce8]
Event: 4.252 Thread 0x000002453094a930 nmethod 5761 0x00000245236d7e10 code [0x00000245236d7fe0, 0x00000245236d8798]

GC Heap History (20 events):
Event: 1.491 GC heap after
{Heap after GC invocations=9 (full 0):
 garbage-first heap   total 53248K, used 20729K [0x0000000084000000, 0x0000000100000000)
  region size 1024K, 2 young (2048K), 2 survivors (2048K)
 Metaspace       used 30865K, committed 31104K, reserved 1114112K
  class space    used 3896K, committed 4032K, reserved 1048576K
}
Event: 1.751 GC heap before
{Heap before GC invocations=9 (full 0):
 garbage-first heap   total 53248K, used 42233K [0x0000000084000000, 0x0000000100000000)
  region size 1024K, 24 young (24576K), 2 survivors (2048K)
 Metaspace       used 35815K, committed 36032K, reserved 1114112K
  class space    used 4333K, committed 4416K, reserved 1048576K
}
Event: 1.756 GC heap after
{Heap after GC invocations=10 (full 0):
 garbage-first heap   total 53248K, used 23228K [0x0000000084000000, 0x0000000100000000)
  region size 1024K, 3 young (3072K), 3 survivors (3072K)
 Metaspace       used 35815K, committed 36032K, reserved 1114112K
  class space    used 4333K, committed 4416K, reserved 1048576K
}
Event: 2.027 GC heap before
{Heap before GC invocations=10 (full 0):
 garbage-first heap   total 53248K, used 43708K [0x0000000084000000, 0x0000000100000000)
  region size 1024K, 23 young (23552K), 3 survivors (3072K)
 Metaspace       used 38824K, committed 39552K, reserved 1114112K
  class space    used 4796K, committed 5120K, reserved 1048576K
}
Event: 2.033 GC heap after
{Heap after GC invocations=11 (full 0):
 garbage-first heap   total 53248K, used 24764K [0x0000000084000000, 0x0000000100000000)
  region size 1024K, 2 young (2048K), 2 survivors (2048K)
 Metaspace       used 38824K, committed 39552K, reserved 1114112K
  class space    used 4796K, committed 5120K, reserved 1048576K
}
Event: 2.440 GC heap before
{Heap before GC invocations=11 (full 0):
 garbage-first heap   total 53248K, used 45244K [0x0000000084000000, 0x0000000100000000)
  region size 1024K, 22 young (22528K), 2 survivors (2048K)
 Metaspace       used 43912K, committed 44608K, reserved 1114112K
  class space    used 5414K, committed 5760K, reserved 1048576K
}
Event: 2.445 GC heap after
{Heap after GC invocations=12 (full 0):
 garbage-first heap   total 53248K, used 26997K [0x0000000084000000, 0x0000000100000000)
  region size 1024K, 3 young (3072K), 3 survivors (3072K)
 Metaspace       used 43912K, committed 44608K, reserved 1114112K
  class space    used 5414K, committed 5760K, reserved 1048576K
}
Event: 2.561 GC heap before
{Heap before GC invocations=12 (full 0):
 garbage-first heap   total 53248K, used 33141K [0x0000000084000000, 0x0000000100000000)
  region size 1024K, 10 young (10240K), 3 survivors (3072K)
 Metaspace       used 45671K, committed 46400K, reserved 1114112K
  class space    used 5624K, committed 5952K, reserved 1048576K
}
Event: 2.566 GC heap after
{Heap after GC invocations=13 (full 0):
 garbage-first heap   total 64512K, used 28020K [0x0000000084000000, 0x0000000100000000)
  region size 1024K, 1 young (1024K), 1 survivors (1024K)
 Metaspace       used 45671K, committed 46400K, reserved 1114112K
  class space    used 5624K, committed 5952K, reserved 1048576K
}
Event: 2.864 GC heap before
{Heap before GC invocations=13 (full 0):
 garbage-first heap   total 64512K, used 49524K [0x0000000084000000, 0x0000000100000000)
  region size 1024K, 21 young (21504K), 1 survivors (1024K)
 Metaspace       used 48745K, committed 49408K, reserved 1114112K
  class space    used 5963K, committed 6272K, reserved 1048576K
}
Event: 2.870 GC heap after
{Heap after GC invocations=14 (full 0):
 garbage-first heap   total 64512K, used 33383K [0x0000000084000000, 0x0000000100000000)
  region size 1024K, 4 young (4096K), 4 survivors (4096K)
 Metaspace       used 48745K, committed 49408K, reserved 1114112K
  class space    used 5963K, committed 6272K, reserved 1048576K
}
Event: 2.959 GC heap before
{Heap before GC invocations=15 (full 0):
 garbage-first heap   total 64512K, used 54887K [0x0000000084000000, 0x0000000100000000)
  region size 1024K, 25 young (25600K), 4 survivors (4096K)
 Metaspace       used 48767K, committed 49408K, reserved 1114112K
  class space    used 5963K, committed 6272K, reserved 1048576K
}
Event: 2.965 GC heap after
{Heap after GC invocations=16 (full 0):
 garbage-first heap   total 64512K, used 35422K [0x0000000084000000, 0x0000000100000000)
  region size 1024K, 2 young (2048K), 2 survivors (2048K)
 Metaspace       used 48767K, committed 49408K, reserved 1114112K
  class space    used 5963K, committed 6272K, reserved 1048576K
}
Event: 3.158 GC heap before
{Heap before GC invocations=16 (full 0):
 garbage-first heap   total 64512K, used 54878K [0x0000000084000000, 0x0000000100000000)
  region size 1024K, 22 young (22528K), 2 survivors (2048K)
 Metaspace       used 49888K, committed 50496K, reserved 1114112K
  class space    used 6095K, committed 6400K, reserved 1048576K
}
Event: 3.163 GC heap after
{Heap after GC invocations=17 (full 0):
 garbage-first heap   total 64512K, used 36463K [0x0000000084000000, 0x0000000100000000)
  region size 1024K, 3 young (3072K), 3 survivors (3072K)
 Metaspace       used 49888K, committed 50496K, reserved 1114112K
  class space    used 6095K, committed 6400K, reserved 1048576K
}
Event: 3.585 GC heap before
{Heap before GC invocations=17 (full 0):
 garbage-first heap   total 64512K, used 55919K [0x0000000084000000, 0x0000000100000000)
  region size 1024K, 22 young (22528K), 3 survivors (3072K)
 Metaspace       used 51140K, committed 51840K, reserved 1114112K
  class space    used 6156K, committed 6464K, reserved 1048576K
}
Event: 3.594 GC heap after
{Heap after GC invocations=18 (full 0):
 garbage-first heap   total 64512K, used 39846K [0x0000000084000000, 0x0000000100000000)
  region size 1024K, 3 young (3072K), 3 survivors (3072K)
 Metaspace       used 51140K, committed 51840K, reserved 1114112K
  class space    used 6156K, committed 6464K, reserved 1048576K
}
Event: 3.874 GC heap before
{Heap before GC invocations=19 (full 0):
 garbage-first heap   total 66560K, used 57254K [0x0000000084000000, 0x0000000100000000)
  region size 1024K, 20 young (20480K), 3 survivors (3072K)
 Metaspace       used 51825K, committed 52480K, reserved 1114112K
  class space    used 6197K, committed 6528K, reserved 1048576K
}
Event: 3.881 GC heap after
{Heap after GC invocations=20 (full 0):
 garbage-first heap   total 66560K, used 42904K [0x0000000084000000, 0x0000000100000000)
  region size 1024K, 3 young (3072K), 3 survivors (3072K)
 Metaspace       used 51825K, committed 52480K, reserved 1114112K
  class space    used 6197K, committed 6528K, reserved 1048576K
}
Event: 4.253 GC heap before
{Heap before GC invocations=20 (full 0):
 garbage-first heap   total 66560K, used 59288K [0x0000000084000000, 0x0000000100000000)
  region size 1024K, 19 young (19456K), 3 survivors (3072K)
 Metaspace       used 53013K, committed 53632K, reserved 1114112K
  class space    used 6349K, committed 6656K, reserved 1048576K
}

Dll operation events (3 events):
Event: 0.006 Loaded shared library C:\Program Files\Android\Android Studio1\jbr\bin\java.dll
Event: 0.010 Loaded shared library C:\Program Files\Android\Android Studio1\jbr\bin\zip.dll
Event: 0.730 Loaded shared library C:\Program Files\Android\Android Studio1\jbr\bin\verify.dll

Deoptimization events (20 events):
Event: 4.073 Thread 0x0000024516be0ef0 Uncommon trap: trap_request=0xffffff45 fr.pc=0x00000245235005f0 relative=0x0000000000000130
Event: 4.073 Thread 0x0000024516be0ef0 Uncommon trap: reason=unstable_if action=reinterpret pc=0x00000245235005f0 method=java.util.HashMap.getNode(Ljava/lang/Object;)Ljava/util/HashMap$Node; @ 66 c2
Event: 4.073 Thread 0x0000024516be0ef0 DEOPT PACKING pc=0x00000245235005f0 sp=0x000000c9fd6fb330
Event: 4.073 Thread 0x0000024516be0ef0 DEOPT UNPACKING pc=0x0000024522e97da2 sp=0x000000c9fd6fb240 mode 2
Event: 4.074 Thread 0x0000024516be0ef0 Uncommon trap: trap_request=0xffffff45 fr.pc=0x000002452364ea3c relative=0x00000000000001fc
Event: 4.074 Thread 0x0000024516be0ef0 Uncommon trap: reason=unstable_if action=reinterpret pc=0x000002452364ea3c method=java.util.HashMap.getNode(Ljava/lang/Object;)Ljava/util/HashMap$Node; @ 66 c2
Event: 4.074 Thread 0x0000024516be0ef0 DEOPT PACKING pc=0x000002452364ea3c sp=0x000000c9fd6fb540
Event: 4.074 Thread 0x0000024516be0ef0 DEOPT UNPACKING pc=0x0000024522e97da2 sp=0x000000c9fd6fb4c0 mode 2
Event: 4.174 Thread 0x0000024516be0ef0 Uncommon trap: trap_request=0xffffff45 fr.pc=0x00000245234b140c relative=0x00000000000006ac
Event: 4.174 Thread 0x0000024516be0ef0 Uncommon trap: reason=unstable_if action=reinterpret pc=0x00000245234b140c method=java.lang.String.replace(CC)Ljava/lang/String; @ 2 c2
Event: 4.174 Thread 0x0000024516be0ef0 DEOPT PACKING pc=0x00000245234b140c sp=0x000000c9fd6fd320
Event: 4.175 Thread 0x0000024516be0ef0 DEOPT UNPACKING pc=0x0000024522e97da2 sp=0x000000c9fd6fd2d0 mode 2
Event: 4.195 Thread 0x0000024516be0ef0 Uncommon trap: trap_request=0xffffffde fr.pc=0x0000024523695ed8 relative=0x0000000000002b38
Event: 4.195 Thread 0x0000024516be0ef0 Uncommon trap: reason=class_check action=maybe_recompile pc=0x0000024523695ed8 method=org.jetbrains.org.objectweb.asm.ClassReader.readElementValue(Lorg/jetbrains/org/objectweb/asm/AnnotationVisitor;ILjava/lang/String;[C)I @ 593 c2
Event: 4.195 Thread 0x0000024516be0ef0 DEOPT PACKING pc=0x0000024523695ed8 sp=0x000000c9fd6fc600
Event: 4.195 Thread 0x0000024516be0ef0 DEOPT UNPACKING pc=0x0000024522e97da2 sp=0x000000c9fd6fc590 mode 2
Event: 4.195 Thread 0x0000024516be0ef0 Uncommon trap: trap_request=0xffffffde fr.pc=0x0000024523695ed8 relative=0x0000000000002b38
Event: 4.195 Thread 0x0000024516be0ef0 Uncommon trap: reason=class_check action=maybe_recompile pc=0x0000024523695ed8 method=org.jetbrains.org.objectweb.asm.ClassReader.readElementValue(Lorg/jetbrains/org/objectweb/asm/AnnotationVisitor;ILjava/lang/String;[C)I @ 593 c2
Event: 4.195 Thread 0x0000024516be0ef0 DEOPT PACKING pc=0x0000024523695ed8 sp=0x000000c9fd6fc600
Event: 4.195 Thread 0x0000024516be0ef0 DEOPT UNPACKING pc=0x0000024522e97da2 sp=0x000000c9fd6fc590 mode 2

Classes loaded (20 events):
Event: 2.458 Loading class java/util/function/IntConsumer done
Event: 2.458 Loading class java/util/stream/Sink$OfInt done
Event: 2.458 Loading class java/util/stream/Sink$ChainedInt done
Event: 2.458 Loading class java/util/stream/IntPipeline$1$1 done
Event: 2.486 Loading class java/text/StringCharacterIterator
Event: 2.486 Loading class java/text/CharacterIterator
Event: 2.486 Loading class java/text/CharacterIterator done
Event: 2.486 Loading class java/text/StringCharacterIterator done
Event: 3.101 Loading class java/util/Collections$SingletonMap
Event: 3.101 Loading class java/util/Collections$SingletonMap done
Event: 3.258 Loading class java/util/RegularEnumSet$EnumSetIterator
Event: 3.258 Loading class java/util/RegularEnumSet$EnumSetIterator done
Event: 3.619 Loading class java/security/CodeSigner
Event: 3.619 Loading class java/security/CodeSigner done
Event: 4.157 Loading class java/util/regex/Pattern$Bound
Event: 4.157 Loading class java/util/regex/Pattern$Bound done
Event: 4.157 Loading class java/util/regex/Pattern$LookBehindEndNode
Event: 4.157 Loading class java/util/regex/Pattern$LookBehindEndNode done
Event: 4.169 Loading class java/util/regex/Pattern$NotBehind
Event: 4.169 Loading class java/util/regex/Pattern$NotBehind done

Classes unloaded (0 events):
No events

Classes redefined (0 events):
No events

Internal exceptions (20 events):
Event: 1.981 Thread 0x0000024516be0ef0 Exception <a 'java/lang/NoSuchMethodError'{0x0000000086105990}: 'java.lang.Object java.lang.invoke.DelegatingMethodHandle$Holder.reinvoke_L(java.lang.Object, java.lang.Object, java.lang.Object, java.lang.Object, java.lang.Object, java.lang.Object, java.lang.Object, java.lang.Object, java.lang.Object, java.lang.Object, java.lang.Object, java.lang.Object, java.lang.Object, java.lang.Object, java.lang.Object, java.lang.Object, java.lang.Object, java.lang.Object)'> (0x0000000086105990) 
thrown [s\src\hotspot\s
Event: 1.987 Thread 0x0000024516be0ef0 Exception <a 'java/lang/NoSuchMethodError'{0x000000008618dba0}: 'java.lang.Object java.lang.invoke.DirectMethodHandle$Holder.newInvokeSpecial(java.lang.Object, java.lang.Object, java.lang.Object, java.lang.Object, java.lang.Object, java.lang.Object, java.lang.Object, java.lang.Object, java.lang.Object, java.lang.Object, java.lang.Object, java.lang.Object, java.lang.Object, java.lang.Object, java.lang.Object, java.lang.Object, java.lang.Object, java.lang.Object, java.lang.Object, java.lang.Object, java.lang
Event: 1.988 Thread 0x0000024516be0ef0 Exception <a 'java/lang/NoSuchMethodError'{0x0000000086194a58}: 'java.lang.Object java.lang.invoke.DirectMethodHandle$Holder.invokeSpecial(java.lang.Object, java.lang.Object, java.lang.Object, java.lang.Object, java.lang.Object, java.lang.Object, java.lang.Object, java.lang.Object, java.lang.Object, java.lang.Object, java.lang.Object, java.lang.Object, java.lang.Object, java.lang.Object, java.lang.Object, java.lang.Object, java.lang.Object, java.lang.Object, java.lang.Object, java.lang.Object, java.lang.Ob
Event: 1.988 Thread 0x0000024516be0ef0 Exception <a 'java/lang/NoSuchMethodError'{0x000000008619a1d0}: 'java.lang.Object java.lang.invoke.DelegatingMethodHandle$Holder.reinvoke_L(java.lang.Object, java.lang.Object, java.lang.Object, java.lang.Object, java.lang.Object, java.lang.Object, java.lang.Object, java.lang.Object, java.lang.Object, java.lang.Object, java.lang.Object, java.lang.Object, java.lang.Object, java.lang.Object, java.lang.Object, java.lang.Object, java.lang.Object, java.lang.Object, java.lang.Object, java.lang.Object, java.lang.O
Event: 1.995 Thread 0x0000024516be0ef0 Exception <a 'java/lang/NoSuchMethodError'{0x0000000086068200}: 'java.lang.Object java.lang.invoke.DirectMethodHandle$Holder.invokeStatic(java.lang.Object, java.lang.Object, java.lang.Object, java.lang.Object, java.lang.Object, java.lang.Object, java.lang.Object, java.lang.Object, java.lang.Object, java.lang.Object, java.lang.Object, java.lang.Object, java.lang.Object, java.lang.Object, java.lang.Object, java.lang.Object, java.lang.Object, java.lang.Object, java.lang.Object, java.lang.Object, java.lang.Obj
Event: 1.997 Thread 0x0000024516be0ef0 Exception <a 'java/lang/NoSuchMethodError'{0x000000008609aa68}: 'java.lang.Object java.lang.invoke.DirectMethodHandle$Holder.invokeStatic(java.lang.Object, java.lang.Object, java.lang.Object, java.lang.Object, java.lang.Object, java.lang.Object, java.lang.Object, java.lang.Object, java.lang.Object, java.lang.Object, java.lang.Object, java.lang.Object, java.lang.Object, java.lang.Object, java.lang.Object, java.lang.Object, java.lang.Object, java.lang.Object, java.lang.Object, java.lang.Object, java.lang.Obj
Event: 2.006 Thread 0x0000024516be0ef0 Exception <a 'java/lang/NoSuchMethodError'{0x0000000085f14650}: 'java.lang.Object java.lang.invoke.DirectMethodHandle$Holder.newInvokeSpecial(java.lang.Object, java.lang.Object, java.lang.Object, java.lang.Object, java.lang.Object, java.lang.Object, java.lang.Object, java.lang.Object, java.lang.Object, java.lang.Object, java.lang.Object, java.lang.Object, java.lang.Object)'> (0x0000000085f14650) 
thrown [s\src\hotspot\share\interpreter\linkResolver.cpp, line 784]
Event: 2.006 Thread 0x0000024516be0ef0 Exception <a 'java/lang/NoSuchMethodError'{0x0000000085f19660}: 'java.lang.Object java.lang.invoke.DirectMethodHandle$Holder.invokeSpecial(java.lang.Object, java.lang.Object, java.lang.Object, java.lang.Object, java.lang.Object, java.lang.Object, java.lang.Object, java.lang.Object, java.lang.Object, java.lang.Object, java.lang.Object, java.lang.Object, java.lang.Object, java.lang.Object)'> (0x0000000085f19660) 
thrown [s\src\hotspot\share\interpreter\linkResolver.cpp, line 784]
Event: 2.006 Thread 0x0000024516be0ef0 Exception <a 'java/lang/NoSuchMethodError'{0x0000000085f1dbb0}: 'java.lang.Object java.lang.invoke.DelegatingMethodHandle$Holder.reinvoke_L(java.lang.Object, java.lang.Object, java.lang.Object, java.lang.Object, java.lang.Object, java.lang.Object, java.lang.Object, java.lang.Object, java.lang.Object, java.lang.Object, java.lang.Object, java.lang.Object, java.lang.Object)'> (0x0000000085f1dbb0) 
thrown [s\src\hotspot\share\interpreter\linkResolver.cpp, line 784]
Event: 2.127 Thread 0x0000024516be0ef0 Exception <a 'java/lang/NoSuchMethodError'{0x0000000086c22b10}: 'java.lang.Object java.lang.invoke.DirectMethodHandle$Holder.newInvokeSpecial(java.lang.Object, java.lang.Object, int)'> (0x0000000086c22b10) 
thrown [s\src\hotspot\share\interpreter\linkResolver.cpp, line 784]
Event: 2.143 Thread 0x0000024516be0ef0 Exception <a 'java/lang/NoSuchMethodError'{0x0000000086c5fed0}: 'java.lang.Object java.lang.invoke.Invokers$Holder.invokeExact_MT(java.lang.Object, java.lang.Object, long, java.lang.Object)'> (0x0000000086c5fed0) 
thrown [s\src\hotspot\share\interpreter\linkResolver.cpp, line 784]
Event: 2.254 Thread 0x0000024516be0ef0 Exception <a 'java/lang/NoSuchMethodError'{0x00000000868111b8}: 'java.lang.Object java.lang.invoke.DirectMethodHandle$Holder.newInvokeSpecial(java.lang.Object, java.lang.Object, java.lang.Object, int)'> (0x00000000868111b8) 
thrown [s\src\hotspot\share\interpreter\linkResolver.cpp, line 784]
Event: 2.255 Thread 0x0000024516be0ef0 Exception <a 'java/lang/NoSuchMethodError'{0x0000000086815338}: 'java.lang.Object java.lang.invoke.DirectMethodHandle$Holder.invokeSpecial(java.lang.Object, java.lang.Object, java.lang.Object, java.lang.Object, int)'> (0x0000000086815338) 
thrown [s\src\hotspot\share\interpreter\linkResolver.cpp, line 784]
Event: 2.255 Thread 0x0000024516be0ef0 Exception <a 'java/lang/NoSuchMethodError'{0x0000000086818a80}: 'java.lang.Object java.lang.invoke.Invokers$Holder.linkToTargetMethod(java.lang.Object, java.lang.Object, int, java.lang.Object)'> (0x0000000086818a80) 
thrown [s\src\hotspot\share\interpreter\linkResolver.cpp, line 784]
Event: 3.043 Thread 0x0000024516be0ef0 Implicit null exception at 0x0000024523582494 to 0x0000024523582674
Event: 3.257 Thread 0x0000024516be0ef0 Exception <a 'java/lang/NoSuchMethodError'{0x00000000874b0ba8}: 'java.lang.Object java.lang.invoke.DirectMethodHandle$Holder.invokeSpecial(java.lang.Object, java.lang.Object, java.lang.Object, java.lang.Object, java.lang.Object, java.lang.Object, int)'> (0x00000000874b0ba8) 
thrown [s\src\hotspot\share\interpreter\linkResolver.cpp, line 784]
Event: 3.927 Thread 0x0000024516be0ef0 Exception <a 'java/lang/NoSuchMethodError'{0x0000000087a09b58}: 'java.lang.Object java.lang.invoke.DirectMethodHandle$Holder.newInvokeSpecial(java.lang.Object, int, java.lang.Object)'> (0x0000000087a09b58) 
thrown [s\src\hotspot\share\interpreter\linkResolver.cpp, line 784]
Event: 3.928 Thread 0x0000024516be0ef0 Exception <a 'java/lang/NoSuchMethodError'{0x0000000087a0f870}: 'int java.lang.invoke.DirectMethodHandle$Holder.invokeInterface(java.lang.Object, java.lang.Object)'> (0x0000000087a0f870) 
thrown [s\src\hotspot\share\interpreter\linkResolver.cpp, line 784]
Event: 4.054 Thread 0x0000024516be0ef0 Implicit null exception at 0x00000245234a814a to 0x00000245234a839c
Event: 4.071 Thread 0x0000024516be0ef0 Exception <a 'java/lang/NoSuchMethodError'{0x00000000873902f8}: 'java.lang.Object java.lang.invoke.DirectMethodHandle$Holder.newInvokeSpecial(java.lang.Object, int, java.lang.Object, java.lang.Object)'> (0x00000000873902f8) 
thrown [s\src\hotspot\share\interpreter\linkResolver.cpp, line 784]

ZGC Phase Switch (0 events):
No events

VM Operations (20 events):
Event: 3.881 Executing VM operation: G1CollectForAllocation (G1 Evacuation Pause) done
Event: 3.919 Executing VM operation: HandshakeAllThreads (Deoptimize)
Event: 3.919 Executing VM operation: HandshakeAllThreads (Deoptimize) done
Event: 3.921 Executing VM operation: ICBufferFull
Event: 3.921 Executing VM operation: ICBufferFull done
Event: 4.008 Executing VM operation: ICBufferFull
Event: 4.008 Executing VM operation: ICBufferFull done
Event: 4.015 Executing VM operation: HandshakeAllThreads (Deoptimize)
Event: 4.015 Executing VM operation: HandshakeAllThreads (Deoptimize) done
Event: 4.028 Executing VM operation: HandshakeAllThreads (Deoptimize)
Event: 4.028 Executing VM operation: HandshakeAllThreads (Deoptimize) done
Event: 4.037 Executing VM operation: HandshakeAllThreads (Deoptimize)
Event: 4.037 Executing VM operation: HandshakeAllThreads (Deoptimize) done
Event: 4.086 Executing VM operation: HandshakeAllThreads (Deoptimize)
Event: 4.086 Executing VM operation: HandshakeAllThreads (Deoptimize) done
Event: 4.232 Executing VM operation: ICBufferFull
Event: 4.232 Executing VM operation: ICBufferFull done
Event: 4.252 Executing VM operation: HandshakeAllThreads (Deoptimize)
Event: 4.252 Executing VM operation: HandshakeAllThreads (Deoptimize) done
Event: 4.253 Executing VM operation: G1CollectForAllocation (G1 Evacuation Pause)

Memory protections (0 events):
No events

Nmethod flushes (20 events):
Event: 3.625 Thread 0x000002453054af50 flushing  nmethod 0x000002451bc75e90
Event: 3.625 Thread 0x000002453054af50 flushing  nmethod 0x000002451bca6a10
Event: 3.625 Thread 0x000002453054af50 flushing  nmethod 0x000002451bcee610
Event: 3.625 Thread 0x000002453054af50 flushing  nmethod 0x000002451bd36810
Event: 3.625 Thread 0x000002453054af50 flushing  nmethod 0x000002451bd38a90
Event: 3.625 Thread 0x000002453054af50 flushing  nmethod 0x000002451bd41b90
Event: 3.625 Thread 0x000002453054af50 flushing  nmethod 0x000002451bd89510
Event: 3.625 Thread 0x000002453054af50 flushing  nmethod 0x000002451bd9fe90
Event: 3.625 Thread 0x000002453054af50 flushing  nmethod 0x000002451bda0810
Event: 3.625 Thread 0x000002453054af50 flushing  nmethod 0x000002451bda0d10
Event: 3.625 Thread 0x000002453054af50 flushing  nmethod 0x000002451bda1390
Event: 3.625 Thread 0x000002453054af50 flushing  nmethod 0x000002451bda3a10
Event: 3.625 Thread 0x000002453054af50 flushing  nmethod 0x000002451bda6190
Event: 3.625 Thread 0x000002453054af50 flushing  nmethod 0x000002451bda7210
Event: 3.625 Thread 0x000002453054af50 flushing  nmethod 0x000002451bdcb090
Event: 3.625 Thread 0x000002453054af50 flushing  nmethod 0x000002451bdda010
Event: 3.625 Thread 0x000002453054af50 flushing  nmethod 0x000002451bddb390
Event: 3.625 Thread 0x000002453054af50 flushing  nmethod 0x000002451be14390
Event: 3.625 Thread 0x000002453054af50 flushing  nmethod 0x000002451beb3810
Event: 3.625 Thread 0x000002453054af50 flushing  nmethod 0x000002451beb4310

Events (19 events):
Event: 0.009 Thread 0x0000024516be0ef0 Thread added: 0x0000024516be0ef0
Event: 0.051 Thread 0x0000024516be0ef0 Thread added: 0x00000245306ef7f0
Event: 0.055 Thread 0x0000024516be0ef0 Thread added: 0x00000245306f5c70
Event: 0.055 Thread 0x0000024516be0ef0 Thread added: 0x0000024530708d10
Event: 0.056 Thread 0x0000024516be0ef0 Thread added: 0x00000245307243a0
Event: 0.056 Thread 0x0000024516be0ef0 Thread added: 0x0000024530724e00
Event: 0.056 Thread 0x0000024516be0ef0 Thread added: 0x0000024530725860
Event: 0.056 Thread 0x0000024516be0ef0 Thread added: 0x00000245307262c0
Event: 0.056 Thread 0x0000024516be0ef0 Thread added: 0x0000024530727050
Event: 0.056 Thread 0x0000024516be0ef0 Thread added: 0x0000024530727c20
Event: 0.084 Thread 0x0000024516be0ef0 Thread added: 0x00000245308d1a20
Event: 0.093 Loaded shared library C:\Program Files\Android\Android Studio1\jbr\bin\net.dll
Event: 0.095 Loaded shared library C:\Program Files\Android\Android Studio1\jbr\bin\nio.dll
Event: 0.108 Thread 0x0000024530727050 Thread added: 0x000002453094a930
Event: 0.108 Thread 0x0000024530727050 Thread added: 0x000002453094afe0
Event: 0.116 Loaded shared library C:\Program Files\Android\Android Studio1\jbr\bin\zip.dll
Event: 0.142 Loaded shared library C:\Program Files\Android\Android Studio1\jbr\bin\jimage.dll
Event: 1.165 Thread 0x000002453094afe0 Thread exited: 0x000002453094afe0
Event: 1.264 Thread 0x0000024530727c20 Thread added: 0x00000245363280d0


Dynamic libraries:
0x00007ff7b7c80000 - 0x00007ff7b7c8a000 	C:\Program Files\Android\Android Studio1\jbr\bin\java.exe
0x00007ffcaf360000 - 0x00007ffcaf5c8000 	C:\WINDOWS\SYSTEM32\ntdll.dll
0x00007ffcad380000 - 0x00007ffcad449000 	C:\WINDOWS\System32\KERNEL32.DLL
0x00007ffcac4b0000 - 0x00007ffcac89d000 	C:\WINDOWS\System32\KERNELBASE.dll
0x00007ffcacf00000 - 0x00007ffcad04b000 	C:\WINDOWS\System32\ucrtbase.dll
0x00007ffca7190000 - 0x00007ffca71ab000 	C:\Program Files\Android\Android Studio1\jbr\bin\VCRUNTIME140.dll
0x00007ffca5f70000 - 0x00007ffca5f88000 	C:\Program Files\Android\Android Studio1\jbr\bin\jli.dll
0x00007ffcae940000 - 0x00007ffcaeb0c000 	C:\WINDOWS\System32\USER32.dll
0x00007ffcaced0000 - 0x00007ffcacef7000 	C:\WINDOWS\System32\win32u.dll
0x00007ffc95f70000 - 0x00007ffc9620a000 	C:\WINDOWS\WinSxS\amd64_microsoft.windows.common-controls_6595b64144ccf1df_6.0.26100.4484_none_3e0e6d4ce32ef3b3\COMCTL32.dll
0x00007ffcad450000 - 0x00007ffcad47b000 	C:\WINDOWS\System32\GDI32.dll
0x00007ffcad100000 - 0x00007ffcad1a9000 	C:\WINDOWS\System32\msvcrt.dll
0x00007ffcacae0000 - 0x00007ffcacc17000 	C:\WINDOWS\System32\gdi32full.dll
0x00007ffcad050000 - 0x00007ffcad0f3000 	C:\WINDOWS\System32\msvcp_win.dll
0x00007ffcaeb80000 - 0x00007ffcaebaf000 	C:\WINDOWS\System32\IMM32.DLL
0x00007ffca70b0000 - 0x00007ffca70bc000 	C:\Program Files\Android\Android Studio1\jbr\bin\vcruntime140_1.dll
0x00007ffc9afd0000 - 0x00007ffc9b05d000 	C:\Program Files\Android\Android Studio1\jbr\bin\msvcp140.dll
0x00007ffc4cd50000 - 0x00007ffc4d9e6000 	C:\Program Files\Android\Android Studio1\jbr\bin\server\jvm.dll
0x00007ffcad850000 - 0x00007ffcad904000 	C:\WINDOWS\System32\ADVAPI32.dll
0x00007ffcad2d0000 - 0x00007ffcad376000 	C:\WINDOWS\System32\sechost.dll
0x00007ffcad1b0000 - 0x00007ffcad2c8000 	C:\WINDOWS\System32\RPCRT4.dll
0x00007ffcad6d0000 - 0x00007ffcad744000 	C:\WINDOWS\System32\WS2_32.dll
0x00007ffcac320000 - 0x00007ffcac37e000 	C:\WINDOWS\SYSTEM32\POWRPROF.dll
0x00007ffc99110000 - 0x00007ffc99145000 	C:\WINDOWS\SYSTEM32\WINMM.dll
0x00007ffca4e20000 - 0x00007ffca4e2b000 	C:\WINDOWS\SYSTEM32\VERSION.dll
0x00007ffcac300000 - 0x00007ffcac314000 	C:\WINDOWS\SYSTEM32\UMPDC.dll
0x00007ffcab0e0000 - 0x00007ffcab0fb000 	C:\WINDOWS\SYSTEM32\kernel.appcore.dll
0x00007ffca70a0000 - 0x00007ffca70aa000 	C:\Program Files\Android\Android Studio1\jbr\bin\jimage.dll
0x00007ffca9a50000 - 0x00007ffca9c91000 	C:\WINDOWS\SYSTEM32\DBGHELP.DLL
0x00007ffcaef00000 - 0x00007ffcaf286000 	C:\WINDOWS\System32\combase.dll
0x00007ffcae090000 - 0x00007ffcae170000 	C:\WINDOWS\System32\OLEAUT32.dll
0x00007ffc87df0000 - 0x00007ffc87e33000 	C:\WINDOWS\SYSTEM32\dbgcore.DLL
0x00007ffcace30000 - 0x00007ffcacec9000 	C:\WINDOWS\System32\bcryptPrimitives.dll
0x00007ffca6d00000 - 0x00007ffca6d20000 	C:\Program Files\Android\Android Studio1\jbr\bin\java.dll
0x00007ffca6ce0000 - 0x00007ffca6cf8000 	C:\Program Files\Android\Android Studio1\jbr\bin\zip.dll
0x00007ffcad940000 - 0x00007ffcae08a000 	C:\WINDOWS\System32\SHELL32.dll
0x00007ffcaccb0000 - 0x00007ffcace24000 	C:\WINDOWS\System32\wintypes.dll
0x00007ffca9d90000 - 0x00007ffcaa5eb000 	C:\WINDOWS\SYSTEM32\windows.storage.dll
0x00007ffcad750000 - 0x00007ffcad845000 	C:\WINDOWS\System32\SHCORE.dll
0x00007ffcaeb10000 - 0x00007ffcaeb7a000 	C:\WINDOWS\System32\shlwapi.dll
0x00007ffcac3c0000 - 0x00007ffcac3ef000 	C:\WINDOWS\SYSTEM32\profapi.dll
0x00007ffca6dc0000 - 0x00007ffca6dd0000 	C:\Program Files\Android\Android Studio1\jbr\bin\net.dll
0x00007ffcab100000 - 0x00007ffcab21e000 	C:\WINDOWS\SYSTEM32\WINHTTP.dll
0x00007ffcab780000 - 0x00007ffcab7ea000 	C:\WINDOWS\system32\mswsock.dll
0x00007ffca6c30000 - 0x00007ffca6c46000 	C:\Program Files\Android\Android Studio1\jbr\bin\nio.dll
0x00007ffca6ba0000 - 0x00007ffca6bb0000 	C:\Program Files\Android\Android Studio1\jbr\bin\verify.dll

JVMTI agents: none

dbghelp: loaded successfully - version: 4.0.5 - missing functions: none
symbol engine: initialized successfully - sym options: 0x614 - pdb path: .;C:\Program Files\Android\Android Studio1\jbr\bin;C:\WINDOWS\SYSTEM32;C:\WINDOWS\WinSxS\amd64_microsoft.windows.common-controls_6595b64144ccf1df_6.0.26100.4484_none_3e0e6d4ce32ef3b3;C:\Program Files\Android\Android Studio1\jbr\bin\server

VM Arguments:
java_command: org.jetbrains.kotlin.cli.jvm.K2JVMCompiler @E:\Mwende\AndroidStudio\AndroidStudioProjects\Telemed\app\build\20251012_17555040173379792370.compiler.options
java_class_path (initial): E:\Mwende\AndroidStudio\Sdk\caches\modules-2\files-2.1\org.jetbrains.kotlin\kotlin-compiler-embeddable\1.9.23\460f3eeb4ac5383e60a09898bafa9b63838cc2ea\kotlin-compiler-embeddable-1.9.23.jar;E:\Mwende\AndroidStudio\Sdk\caches\modules-2\files-2.1\org.jetbrains.kotlin\kotlin-stdlib\1.9.23\dbaadea1f5e68f790d242a91a38355a83ec38747\kotlin-stdlib-1.9.23.jar;E:\Mwende\AndroidStudio\Sdk\caches\modules-2\files-2.1\org.jetbrains.kotlin\kotlin-script-runtime\1.9.23\1375a7343d05891119fac57f8b50a7578420ac27\kotlin-script-runtime-1.9.23.jar;E:\Mwende\AndroidStudio\Sdk\caches\modules-2\files-2.1\org.jetbrains.kotlin\kotlin-reflect\1.6.10\1cbe9c92c12a94eea200d23c2bbaedaf3daf5132\kotlin-reflect-1.6.10.jar;E:\Mwende\AndroidStudio\Sdk\caches\modules-2\files-2.1\org.jetbrains.kotlin\kotlin-daemon-embeddable\1.9.23\a6ad5e888015dc4f9eb828ea753167f256093c6a\kotlin-daemon-embeddable-1.9.23.jar;E:\Mwende\AndroidStudio\Sdk\caches\modules-2\files-2.1\org.jetbrains.intellij.deps\trove4j\1.0.20200330\3afb14d5f9ceb459d724e907a21145e8ff394f02\trove4j-1.0.20200330.jar;E:\Mwende\AndroidStudio\Sdk\caches\modules-2\files-2.1\org.jetbrains\annotations\13.0\919f0dfe192fb4e063e7dacadee7f8bb9a2672a9\annotations-13.0.jar
Launcher Type: SUN_STANDARD

[Global flags]
     intx CICompilerCount                          = 4                                         {product} {ergonomic}
     uint ConcGCThreads                            = 2                                         {product} {ergonomic}
     uint G1ConcRefinementThreads                  = 8                                         {product} {ergonomic}
   size_t G1HeapRegionSize                         = 1048576                                   {product} {ergonomic}
    uintx GCDrainStackTargetSize                   = 64                                        {product} {ergonomic}
   size_t InitialHeapSize                          = 130023424                                 {product} {ergonomic}
   size_t MarkStackSize                            = 4194304                                   {product} {ergonomic}
   size_t MaxHeapSize                              = 2080374784                                {product} {ergonomic}
   size_t MaxNewSize                               = 1247805440                                {product} {ergonomic}
   size_t MinHeapDeltaBytes                        = 1048576                                   {product} {ergonomic}
   size_t MinHeapSize                              = 8388608                                   {product} {ergonomic}
    uintx NonNMethodCodeHeapSize                   = 5839372                                {pd product} {ergonomic}
    uintx NonProfiledCodeHeapSize                  = 122909434                              {pd product} {ergonomic}
    uintx ProfiledCodeHeapSize                     = 122909434                              {pd product} {ergonomic}
    uintx ReservedCodeCacheSize                    = 251658240                              {pd product} {ergonomic}
     bool SegmentedCodeCache                       = true                                      {product} {ergonomic}
   size_t SoftMaxHeapSize                          = 2080374784                             {manageable} {ergonomic}
     bool UseCompressedOops                        = true                           {product lp64_product} {ergonomic}
     bool UseG1GC                                  = true                                      {product} {ergonomic}
     bool UseLargePagesIndividualAllocation        = false                                  {pd product} {ergonomic}

Logging:
Log output configuration:
 #0: stdout all=warning uptime,level,tags foldmultilines=false
 #1: stderr all=off uptime,level,tags foldmultilines=false

Environment Variables:
PATH=C:\Program Files\Google\Chrome\Application;C:\WINDOWS\system32;C:\WINDOWS;C:\WINDOWS\System32\Wbem;C:\WINDOWS\System32\WindowsPowerShell\v1.0\;C:\WINDOWS\System32\OpenSSH\;C:\Program Files\Docker\Docker\resources\bin;C:\Program Files\Git\cmd;C:\Program Files\nodejs\;C:\ProgramData\chocolatey\bin;C:\Users\TraceyKyalo\AppData\Local\Programs\Python\Python313\Scripts\;C:\Users\TraceyKyalo\AppData\Local\Programs\Python\Python313\;C:\Users\TraceyKyalo\AppData\Local\Programs\Python\Launcher\;C:\Users\TraceyKyalo\AppData\Local\Microsoft\WindowsApps;C:\Users\TraceyKyalo\AppData\Local\Programs\Microsoft VS Code\bin;C:\Users\TraceyKyalo\AppData\Roaming\npm
USERNAME=TraceyKyalo
OS=Windows_NT
PROCESSOR_IDENTIFIER=Intel64 Family 6 Model 126 Stepping 5, GenuineIntel
TMP=C:\Users\TRACEY~1\AppData\Local\Temp
TEMP=C:\Users\TRACEY~1\AppData\Local\Temp




Periodic native trim disabled

JNI global refs:
JNI global refs: 10, weak refs: 0

JNI global refs memory usage: 835, weak refs: 833

Process memory usage:
Resident Set Size: 254988K (3% of 8124792K total physical memory with 865116K free physical memory)

OOME stack traces (most recent first):
Classloader memory used:
Loader jdk.internal.loader.ClassLoaders$AppClassLoader                                 : 40317K
Loader bootstrap                                                                       : 12432K
Loader java.net.URLClassLoader                                                         : 263K

---------------  S Y S T E M  ---------------

OS:
 Windows 11 , 64 bit Build 26100 (10.0.26100.4484)
OS uptime: 0 days 3:22 hours
Hyper-V role detected

CPU: total 8 (initial active 8) (4 cores per cpu, 2 threads per core) family 6 model 126 stepping 5 microcode 0x86, cx8, cmov, fxsr, ht, mmx, 3dnowpref, sse, sse2, sse3, ssse3, sse4.1, sse4.2, popcnt, lzcnt, tsc, tscinvbit, avx, avx2, aes, erms, clmul, bmi1, bmi2, adx, avx512f, avx512dq, avx512cd, avx512bw, avx512vl, sha, fma, vzeroupper, avx512_vpopcntdq, avx512_vpclmulqdq, avx512_vaes, avx512_vnni, clflush, clflushopt, avx512_vbmi2, avx512_vbmi, hv, rdtscp, rdpid, fsrm, gfni, avx512_bitalg, f16c, avx512_ifma
Processor Information for the first 8 processors :
  Max Mhz: 1190, Current Mhz: 991, Mhz Limit: 987

Memory: 4k page, system-wide physical 7934M (844M free)
TotalPageFile size 11790M (AvailPageFile size 34M)
current process WorkingSet (physical memory assigned to process): 249M, peak: 255M
current process commit charge ("private bytes"): 284M, peak: 317M

vm_info: OpenJDK 64-Bit Server VM (21.0.8+-14018985-b1038.68) for windows-amd64 JRE (21.0.8+-14018985-b1038.68), built on 2025-08-29T19:56:34Z by "builder" with MS VC++ 16.10 / 16.11 (VS2019)

END.
