#
# There is insufficient memory for the Java Runtime Environment to continue.
# Native memory allocation (mmap) failed to map 65536 bytes. Error detail: Failed to commit metaspace.
# Possible reasons:
#   The system is out of physical RAM or swap space
#   This process is running with CompressedOops enabled, and the Java Heap may be blocking the growth of the native heap
# Possible solutions:
#   Reduce memory load on the system
#   Increase physical memory or swap space
#   Check if swap backing store is full
#   Decrease Java heap size (-Xmx/-Xms)
#   Decrease number of Java threads
#   Decrease Java thread stack sizes (-Xss)
#   Set larger code cache with -XX:ReservedCodeCacheSize=
#   JVM is running with Unscaled Compressed Oops mode in which the Java heap is
#     placed in the first 4GB address space. The Java Heap base address is the
#     maximum limit for the native heap growth. Please use -XX:HeapBaseMinAddress
#     to set the Java Heap base and to place the Java Heap above 4GB virtual address.
# This output file may be truncated or incomplete.
#
#  Out of Memory Error (virtualSpaceNode.cpp:113), pid=10928, tid=9176
#
# JRE version: OpenJDK Runtime Environment (21.0.8) (build 21.0.8+-14018985-b1038.68)
# Java VM: OpenJDK 64-Bit Server VM (21.0.8+-14018985-b1038.68, mixed mode, tiered, compressed oops, compressed class ptrs, g1 gc, windows-amd64)
# No core dump will be written. Minidumps are not enabled by default on client versions of Windows
#

---------------  S U M M A R Y ------------

Command Line: org.jetbrains.kotlin.cli.jvm.K2JVMCompiler @E:\Mwende\AndroidStudio\AndroidStudioProjects\Telemed\app\build\20251012_17188712506478842470.compiler.options

Host: Intel(R) Core(TM) i5-1035G1 CPU @ 1.00GHz, 8 cores, 7G,  Windows 11 , 64 bit Build 26100 (10.0.26100.4484)
Time: Sun Oct 12 22:26:12 2025 E. Africa Standard Time elapsed time: 0.060690 seconds (0d 0h 0m 0s)

---------------  T H R E A D  ---------------

Current thread (0x000002520ce1f0f0):  JavaThread "main"             [_thread_in_vm, id=9176, stack(0x000000e4bc200000,0x000000e4bc300000) (1024K)]

Stack: [0x000000e4bc200000,0x000000e4bc300000]
Native frames: (J=compiled Java code, j=interpreted, Vv=VM code, C=native code)
V  [jvm.dll+0x6d68d9]
V  [jvm.dll+0x866693]
V  [jvm.dll+0x868c4e]
V  [jvm.dll+0x869333]
V  [jvm.dll+0x280566]
V  [jvm.dll+0x86155e]
V  [jvm.dll+0x679fd5]
V  [jvm.dll+0x67a03a]
V  [jvm.dll+0x67c896]
V  [jvm.dll+0x67c762]
V  [jvm.dll+0x67a9ce]
V  [jvm.dll+0x26b0ff]
V  [jvm.dll+0x6849b5]
V  [jvm.dll+0x21633c]
V  [jvm.dll+0x216885]
V  [jvm.dll+0x217266]
V  [jvm.dll+0x20c21a]
V  [jvm.dll+0x5b72a5]
V  [jvm.dll+0x21dcec]
V  [jvm.dll+0x7ddccc]
V  [jvm.dll+0x7ded62]
V  [jvm.dll+0x7df324]
V  [jvm.dll+0x7defb8]
V  [jvm.dll+0x26eadb]
V  [jvm.dll+0x3d8ea6]
C  0x00000252174bb327

The last pc belongs to anewarray (printed below).
Java frames: (J=compiled Java code, j=interpreted, Vv=VM code)
j  jdk.internal.module.SystemModules$default.moduleDescriptors()[Ljava/lang/module/ModuleDescriptor;+2616 java.base
j  jdk.internal.module.SystemModuleFinders.of(Ljdk/internal/module/SystemModules;)Ljava/lang/module/ModuleFinder;+1 java.base
j  jdk.internal.module.ModuleBootstrap.boot2()Ljava/lang/ModuleLayer;+240 java.base
j  jdk.internal.module.ModuleBootstrap.boot()Ljava/lang/ModuleLayer;+64 java.base
j  java.lang.System.initPhase2(ZZ)I+0 java.base
v  ~StubRoutines::call_stub 0x00000252174a10e7
anewarray  189 anewarray  [0x00000252174bb2c0, 0x00000252174bb3b0]  240 bytes
[MachCode]
  0x00000252174bb2c0: 8b04 2448 | 83c4 0845 | 0fb7 4501 | 410f c841 | c1e8 1048 | 8b55 e848 | 8b52 0848 | 8b52 08e8 
  0x00000252174bb2e0: 0500 0000 | e9ab 0000 | 004c 8bc8 | 488d 4424 | 084c 896d | c049 8bcf | c5f8 7749 | 89af a803 
  0x00000252174bb300: 0000 4989 | 8798 0300 | 0048 83ec | 2040 f6c4 | 0f0f 8419 | 0000 0048 | 83ec 0848 | b850 8e12 
  0x00000252174bb320: 4dfc 7f00 | 00ff d048 | 83c4 08e9 | 0c00 0000 | 48b8 508e | 124d fc7f | 0000 ffd0 | 4883 c420 
  0x00000252174bb340: 49c7 8798 | 0300 0000 | 0000 0049 | c787 a803 | 0000 0000 | 0000 49c7 | 87a0 0300 | 0000 0000 
  0x00000252174bb360: 00c5 f877 | 4983 7f08 | 000f 8405 | 0000 00e9 | 8c5b feff | 498b 87f0 | 0300 0049 | c787 f003 
  0x00000252174bb380: 0000 0000 | 0000 4c8b | 6dc0 4c8b | 75c8 4e8d | 74f5 00c3 | 410f b65d | 0349 83c5 | 0349 bab0 
  0x00000252174bb3a0: c591 4dfc | 7f00 0041 | ff24 da0f | 1f44 0000 
[/MachCode]

---------------  P R O C E S S  ---------------

Threads class SMR info:
_java_thread_list=0x00000252245c71c0, length=10, elements={
0x000002520ce1f0f0, 0x00000252245a8e60, 0x00000252245ba3d0, 0x00000252245bae30,
0x00000252245e1900, 0x00000252245af0e0, 0x00000252245afb40, 0x00000252245e9f80,
0x00000252245b05a0, 0x00000252245b1040
}

Java Threads: ( => current thread )
=>0x000002520ce1f0f0 JavaThread "main"                              [_thread_in_vm, id=9176, stack(0x000000e4bc200000,0x000000e4bc300000) (1024K)]
  0x00000252245a8e60 JavaThread "Common-Cleaner"             daemon [_thread_blocked, id=11112, stack(0x000000e4bca00000,0x000000e4bcb00000) (1024K)]
  0x00000252245ba3d0 JavaThread "Reference Handler"          daemon [_thread_blocked, id=10912, stack(0x000000e4bcb00000,0x000000e4bcc00000) (1024K)]
  0x00000252245bae30 JavaThread "Finalizer"                  daemon [_thread_blocked, id=3508, stack(0x000000e4bcc00000,0x000000e4bcd00000) (1024K)]
  0x00000252245e1900 JavaThread "Signal Dispatcher"          daemon [_thread_blocked, id=3780, stack(0x000000e4bcd00000,0x000000e4bce00000) (1024K)]
  0x00000252245af0e0 JavaThread "Attach Listener"            daemon [_thread_blocked, id=12524, stack(0x000000e4bce00000,0x000000e4bcf00000) (1024K)]
  0x00000252245afb40 JavaThread "Service Thread"             daemon [_thread_blocked, id=2076, stack(0x000000e4bcf00000,0x000000e4bd000000) (1024K)]
  0x00000252245e9f80 JavaThread "Monitor Deflation Thread"   daemon [_thread_blocked, id=6604, stack(0x000000e4bd000000,0x000000e4bd100000) (1024K)]
  0x00000252245b05a0 JavaThread "C2 CompilerThread0"         daemon [_thread_blocked, id=9768, stack(0x000000e4bd100000,0x000000e4bd200000) (1024K)]
  0x00000252245b1040 JavaThread "C1 CompilerThread0"         daemon [_thread_in_vm, id=7188, stack(0x000000e4bd200000,0x000000e4bd300000) (1024K)]
Total: 10

Other Threads:
  0x0000025224564950 VMThread "VM Thread"                           [id=3672, stack(0x000000e4bc900000,0x000000e4bca00000) (1024K)]
  0x00000252242892d0 WatcherThread "VM Periodic Task Thread"        [id=4588, stack(0x000000e4bc800000,0x000000e4bc900000) (1024K)]
  0x000002520ce6dfe0 WorkerThread "GC Thread#0"                     [id=11676, stack(0x000000e4bc300000,0x000000e4bc400000) (1024K)]
  0x000002520ce7e7c0 ConcurrentGCThread "G1 Main Marker"            [id=2860, stack(0x000000e4bc400000,0x000000e4bc500000) (1024K)]
  0x000002520ce7f2c0 WorkerThread "G1 Conc#0"                       [id=5020, stack(0x000000e4bc500000,0x000000e4bc600000) (1024K)]
  0x000002522414bff0 ConcurrentGCThread "G1 Refine#0"               [id=1760, stack(0x000000e4bc600000,0x000000e4bc700000) (1024K)]
  0x000002522414ce20 ConcurrentGCThread "G1 Service"                [id=2708, stack(0x000000e4bc700000,0x000000e4bc800000) (1024K)]
Total: 7

Threads with active compile tasks:
C1 CompilerThread0  78    8       3       jdk.internal.util.ArraysSupport::vectorizedHashCode (158 bytes)
Total: 1

VM state: not at safepoint (normal execution)

VM Mutex/Monitor currently owned by a thread:  ([mutex/lock_event])
[0x00007ffc4d906438] Metaspace_lock - owner thread: 0x000002520ce1f0f0

Heap address: 0x0000000084000000, size: 1984 MB, Compressed Oops mode: 32-bit

CDS archive(s) not mapped
Compressed class space mapped at: 0x0000000100000000-0x0000000140000000, reserved size: 1073741824
Narrow klass base: 0x0000000000000000, Narrow klass shift: 3, Narrow klass range: 0x140000000

GC Precious Log:
 CardTable entry size: 512
 Card Set container configuration: InlinePtr #cards 5 size 8 Array Of Cards #cards 12 size 40 Howl #buckets 4 coarsen threshold 1843 Howl Bitmap #cards 512 size 80 coarsen threshold 460 Card regions per heap region 1 cards per card region 2048
 CPUs: 8 total, 8 available
 Memory: 7934M
 Large Page Support: Disabled
 NUMA Support: Disabled
 Compressed Oops: Enabled (32-bit)
 Heap Region Size: 1M
 Heap Min Capacity: 8M
 Heap Initial Capacity: 124M
 Heap Max Capacity: 1984M
 Pre-touch: Disabled
 Parallel Workers: 8
 Concurrent Workers: 2
 Concurrent Refinement Workers: 8
 Periodic GC: Disabled

Heap:
 garbage-first heap   total 126976K, used 1024K [0x0000000084000000, 0x0000000100000000)
  region size 1024K, 2 young (2048K), 0 survivors (0K)
 Metaspace       used 3486K, committed 3520K, reserved 1114112K
  class space    used 286K, committed 320K, reserved 1048576K

Heap Regions: E=young(eden), S=young(survivor), O=old, HS=humongous(starts), HC=humongous(continues), CS=collection set, F=free, TAMS=top-at-mark-start, PB=parsable bottom
|   0|0x0000000084000000, 0x0000000084000000, 0x0000000084100000|  0%| F|  |TAMS 0x0000000084000000| PB 0x0000000084000000| Untracked 
|   1|0x0000000084100000, 0x0000000084100000, 0x0000000084200000|  0%| F|  |TAMS 0x0000000084100000| PB 0x0000000084100000| Untracked 
|   2|0x0000000084200000, 0x0000000084200000, 0x0000000084300000|  0%| F|  |TAMS 0x0000000084200000| PB 0x0000000084200000| Untracked 
|   3|0x0000000084300000, 0x0000000084300000, 0x0000000084400000|  0%| F|  |TAMS 0x0000000084300000| PB 0x0000000084300000| Untracked 
|   4|0x0000000084400000, 0x0000000084400000, 0x0000000084500000|  0%| F|  |TAMS 0x0000000084400000| PB 0x0000000084400000| Untracked 
|   5|0x0000000084500000, 0x0000000084500000, 0x0000000084600000|  0%| F|  |TAMS 0x0000000084500000| PB 0x0000000084500000| Untracked 
|   6|0x0000000084600000, 0x0000000084600000, 0x0000000084700000|  0%| F|  |TAMS 0x0000000084600000| PB 0x0000000084600000| Untracked 
|   7|0x0000000084700000, 0x0000000084700000, 0x0000000084800000|  0%| F|  |TAMS 0x0000000084700000| PB 0x0000000084700000| Untracked 
|   8|0x0000000084800000, 0x0000000084800000, 0x0000000084900000|  0%| F|  |TAMS 0x0000000084800000| PB 0x0000000084800000| Untracked 
|   9|0x0000000084900000, 0x0000000084900000, 0x0000000084a00000|  0%| F|  |TAMS 0x0000000084900000| PB 0x0000000084900000| Untracked 
|  10|0x0000000084a00000, 0x0000000084a00000, 0x0000000084b00000|  0%| F|  |TAMS 0x0000000084a00000| PB 0x0000000084a00000| Untracked 
|  11|0x0000000084b00000, 0x0000000084b00000, 0x0000000084c00000|  0%| F|  |TAMS 0x0000000084b00000| PB 0x0000000084b00000| Untracked 
|  12|0x0000000084c00000, 0x0000000084c00000, 0x0000000084d00000|  0%| F|  |TAMS 0x0000000084c00000| PB 0x0000000084c00000| Untracked 
|  13|0x0000000084d00000, 0x0000000084d00000, 0x0000000084e00000|  0%| F|  |TAMS 0x0000000084d00000| PB 0x0000000084d00000| Untracked 
|  14|0x0000000084e00000, 0x0000000084e00000, 0x0000000084f00000|  0%| F|  |TAMS 0x0000000084e00000| PB 0x0000000084e00000| Untracked 
|  15|0x0000000084f00000, 0x0000000084f00000, 0x0000000085000000|  0%| F|  |TAMS 0x0000000084f00000| PB 0x0000000084f00000| Untracked 
|  16|0x0000000085000000, 0x0000000085000000, 0x0000000085100000|  0%| F|  |TAMS 0x0000000085000000| PB 0x0000000085000000| Untracked 
|  17|0x0000000085100000, 0x0000000085100000, 0x0000000085200000|  0%| F|  |TAMS 0x0000000085100000| PB 0x0000000085100000| Untracked 
|  18|0x0000000085200000, 0x0000000085200000, 0x0000000085300000|  0%| F|  |TAMS 0x0000000085200000| PB 0x0000000085200000| Untracked 
|  19|0x0000000085300000, 0x0000000085300000, 0x0000000085400000|  0%| F|  |TAMS 0x0000000085300000| PB 0x0000000085300000| Untracked 
|  20|0x0000000085400000, 0x0000000085400000, 0x0000000085500000|  0%| F|  |TAMS 0x0000000085400000| PB 0x0000000085400000| Untracked 
|  21|0x0000000085500000, 0x0000000085500000, 0x0000000085600000|  0%| F|  |TAMS 0x0000000085500000| PB 0x0000000085500000| Untracked 
|  22|0x0000000085600000, 0x0000000085600000, 0x0000000085700000|  0%| F|  |TAMS 0x0000000085600000| PB 0x0000000085600000| Untracked 
|  23|0x0000000085700000, 0x0000000085700000, 0x0000000085800000|  0%| F|  |TAMS 0x0000000085700000| PB 0x0000000085700000| Untracked 
|  24|0x0000000085800000, 0x0000000085800000, 0x0000000085900000|  0%| F|  |TAMS 0x0000000085800000| PB 0x0000000085800000| Untracked 
|  25|0x0000000085900000, 0x0000000085900000, 0x0000000085a00000|  0%| F|  |TAMS 0x0000000085900000| PB 0x0000000085900000| Untracked 
|  26|0x0000000085a00000, 0x0000000085a00000, 0x0000000085b00000|  0%| F|  |TAMS 0x0000000085a00000| PB 0x0000000085a00000| Untracked 
|  27|0x0000000085b00000, 0x0000000085b00000, 0x0000000085c00000|  0%| F|  |TAMS 0x0000000085b00000| PB 0x0000000085b00000| Untracked 
|  28|0x0000000085c00000, 0x0000000085c00000, 0x0000000085d00000|  0%| F|  |TAMS 0x0000000085c00000| PB 0x0000000085c00000| Untracked 
|  29|0x0000000085d00000, 0x0000000085d00000, 0x0000000085e00000|  0%| F|  |TAMS 0x0000000085d00000| PB 0x0000000085d00000| Untracked 
|  30|0x0000000085e00000, 0x0000000085e00000, 0x0000000085f00000|  0%| F|  |TAMS 0x0000000085e00000| PB 0x0000000085e00000| Untracked 
|  31|0x0000000085f00000, 0x0000000085f00000, 0x0000000086000000|  0%| F|  |TAMS 0x0000000085f00000| PB 0x0000000085f00000| Untracked 
|  32|0x0000000086000000, 0x0000000086000000, 0x0000000086100000|  0%| F|  |TAMS 0x0000000086000000| PB 0x0000000086000000| Untracked 
|  33|0x0000000086100000, 0x0000000086100000, 0x0000000086200000|  0%| F|  |TAMS 0x0000000086100000| PB 0x0000000086100000| Untracked 
|  34|0x0000000086200000, 0x0000000086200000, 0x0000000086300000|  0%| F|  |TAMS 0x0000000086200000| PB 0x0000000086200000| Untracked 
|  35|0x0000000086300000, 0x0000000086300000, 0x0000000086400000|  0%| F|  |TAMS 0x0000000086300000| PB 0x0000000086300000| Untracked 
|  36|0x0000000086400000, 0x0000000086400000, 0x0000000086500000|  0%| F|  |TAMS 0x0000000086400000| PB 0x0000000086400000| Untracked 
|  37|0x0000000086500000, 0x0000000086500000, 0x0000000086600000|  0%| F|  |TAMS 0x0000000086500000| PB 0x0000000086500000| Untracked 
|  38|0x0000000086600000, 0x0000000086600000, 0x0000000086700000|  0%| F|  |TAMS 0x0000000086600000| PB 0x0000000086600000| Untracked 
|  39|0x0000000086700000, 0x0000000086700000, 0x0000000086800000|  0%| F|  |TAMS 0x0000000086700000| PB 0x0000000086700000| Untracked 
|  40|0x0000000086800000, 0x0000000086800000, 0x0000000086900000|  0%| F|  |TAMS 0x0000000086800000| PB 0x0000000086800000| Untracked 
|  41|0x0000000086900000, 0x0000000086900000, 0x0000000086a00000|  0%| F|  |TAMS 0x0000000086900000| PB 0x0000000086900000| Untracked 
|  42|0x0000000086a00000, 0x0000000086a00000, 0x0000000086b00000|  0%| F|  |TAMS 0x0000000086a00000| PB 0x0000000086a00000| Untracked 
|  43|0x0000000086b00000, 0x0000000086b00000, 0x0000000086c00000|  0%| F|  |TAMS 0x0000000086b00000| PB 0x0000000086b00000| Untracked 
|  44|0x0000000086c00000, 0x0000000086c00000, 0x0000000086d00000|  0%| F|  |TAMS 0x0000000086c00000| PB 0x0000000086c00000| Untracked 
|  45|0x0000000086d00000, 0x0000000086d00000, 0x0000000086e00000|  0%| F|  |TAMS 0x0000000086d00000| PB 0x0000000086d00000| Untracked 
|  46|0x0000000086e00000, 0x0000000086e00000, 0x0000000086f00000|  0%| F|  |TAMS 0x0000000086e00000| PB 0x0000000086e00000| Untracked 
|  47|0x0000000086f00000, 0x0000000086f00000, 0x0000000087000000|  0%| F|  |TAMS 0x0000000086f00000| PB 0x0000000086f00000| Untracked 
|  48|0x0000000087000000, 0x0000000087000000, 0x0000000087100000|  0%| F|  |TAMS 0x0000000087000000| PB 0x0000000087000000| Untracked 
|  49|0x0000000087100000, 0x0000000087100000, 0x0000000087200000|  0%| F|  |TAMS 0x0000000087100000| PB 0x0000000087100000| Untracked 
|  50|0x0000000087200000, 0x0000000087200000, 0x0000000087300000|  0%| F|  |TAMS 0x0000000087200000| PB 0x0000000087200000| Untracked 
|  51|0x0000000087300000, 0x0000000087300000, 0x0000000087400000|  0%| F|  |TAMS 0x0000000087300000| PB 0x0000000087300000| Untracked 
|  52|0x0000000087400000, 0x0000000087400000, 0x0000000087500000|  0%| F|  |TAMS 0x0000000087400000| PB 0x0000000087400000| Untracked 
|  53|0x0000000087500000, 0x0000000087500000, 0x0000000087600000|  0%| F|  |TAMS 0x0000000087500000| PB 0x0000000087500000| Untracked 
|  54|0x0000000087600000, 0x0000000087600000, 0x0000000087700000|  0%| F|  |TAMS 0x0000000087600000| PB 0x0000000087600000| Untracked 
|  55|0x0000000087700000, 0x0000000087700000, 0x0000000087800000|  0%| F|  |TAMS 0x0000000087700000| PB 0x0000000087700000| Untracked 
|  56|0x0000000087800000, 0x0000000087800000, 0x0000000087900000|  0%| F|  |TAMS 0x0000000087800000| PB 0x0000000087800000| Untracked 
|  57|0x0000000087900000, 0x0000000087900000, 0x0000000087a00000|  0%| F|  |TAMS 0x0000000087900000| PB 0x0000000087900000| Untracked 
|  58|0x0000000087a00000, 0x0000000087a00000, 0x0000000087b00000|  0%| F|  |TAMS 0x0000000087a00000| PB 0x0000000087a00000| Untracked 
|  59|0x0000000087b00000, 0x0000000087b00000, 0x0000000087c00000|  0%| F|  |TAMS 0x0000000087b00000| PB 0x0000000087b00000| Untracked 
|  60|0x0000000087c00000, 0x0000000087c00000, 0x0000000087d00000|  0%| F|  |TAMS 0x0000000087c00000| PB 0x0000000087c00000| Untracked 
|  61|0x0000000087d00000, 0x0000000087d00000, 0x0000000087e00000|  0%| F|  |TAMS 0x0000000087d00000| PB 0x0000000087d00000| Untracked 
|  62|0x0000000087e00000, 0x0000000087e00000, 0x0000000087f00000|  0%| F|  |TAMS 0x0000000087e00000| PB 0x0000000087e00000| Untracked 
|  63|0x0000000087f00000, 0x0000000087f00000, 0x0000000088000000|  0%| F|  |TAMS 0x0000000087f00000| PB 0x0000000087f00000| Untracked 
|  64|0x0000000088000000, 0x0000000088000000, 0x0000000088100000|  0%| F|  |TAMS 0x0000000088000000| PB 0x0000000088000000| Untracked 
|  65|0x0000000088100000, 0x0000000088100000, 0x0000000088200000|  0%| F|  |TAMS 0x0000000088100000| PB 0x0000000088100000| Untracked 
|  66|0x0000000088200000, 0x0000000088200000, 0x0000000088300000|  0%| F|  |TAMS 0x0000000088200000| PB 0x0000000088200000| Untracked 
|  67|0x0000000088300000, 0x0000000088300000, 0x0000000088400000|  0%| F|  |TAMS 0x0000000088300000| PB 0x0000000088300000| Untracked 
|  68|0x0000000088400000, 0x0000000088400000, 0x0000000088500000|  0%| F|  |TAMS 0x0000000088400000| PB 0x0000000088400000| Untracked 
|  69|0x0000000088500000, 0x0000000088500000, 0x0000000088600000|  0%| F|  |TAMS 0x0000000088500000| PB 0x0000000088500000| Untracked 
|  70|0x0000000088600000, 0x0000000088600000, 0x0000000088700000|  0%| F|  |TAMS 0x0000000088600000| PB 0x0000000088600000| Untracked 
|  71|0x0000000088700000, 0x0000000088700000, 0x0000000088800000|  0%| F|  |TAMS 0x0000000088700000| PB 0x0000000088700000| Untracked 
|  72|0x0000000088800000, 0x0000000088800000, 0x0000000088900000|  0%| F|  |TAMS 0x0000000088800000| PB 0x0000000088800000| Untracked 
|  73|0x0000000088900000, 0x0000000088900000, 0x0000000088a00000|  0%| F|  |TAMS 0x0000000088900000| PB 0x0000000088900000| Untracked 
|  74|0x0000000088a00000, 0x0000000088a00000, 0x0000000088b00000|  0%| F|  |TAMS 0x0000000088a00000| PB 0x0000000088a00000| Untracked 
|  75|0x0000000088b00000, 0x0000000088b00000, 0x0000000088c00000|  0%| F|  |TAMS 0x0000000088b00000| PB 0x0000000088b00000| Untracked 
|  76|0x0000000088c00000, 0x0000000088c00000, 0x0000000088d00000|  0%| F|  |TAMS 0x0000000088c00000| PB 0x0000000088c00000| Untracked 
|  77|0x0000000088d00000, 0x0000000088d00000, 0x0000000088e00000|  0%| F|  |TAMS 0x0000000088d00000| PB 0x0000000088d00000| Untracked 
|  78|0x0000000088e00000, 0x0000000088e00000, 0x0000000088f00000|  0%| F|  |TAMS 0x0000000088e00000| PB 0x0000000088e00000| Untracked 
|  79|0x0000000088f00000, 0x0000000088f00000, 0x0000000089000000|  0%| F|  |TAMS 0x0000000088f00000| PB 0x0000000088f00000| Untracked 
|  80|0x0000000089000000, 0x0000000089000000, 0x0000000089100000|  0%| F|  |TAMS 0x0000000089000000| PB 0x0000000089000000| Untracked 
|  81|0x0000000089100000, 0x0000000089100000, 0x0000000089200000|  0%| F|  |TAMS 0x0000000089100000| PB 0x0000000089100000| Untracked 
|  82|0x0000000089200000, 0x0000000089200000, 0x0000000089300000|  0%| F|  |TAMS 0x0000000089200000| PB 0x0000000089200000| Untracked 
|  83|0x0000000089300000, 0x0000000089300000, 0x0000000089400000|  0%| F|  |TAMS 0x0000000089300000| PB 0x0000000089300000| Untracked 
|  84|0x0000000089400000, 0x0000000089400000, 0x0000000089500000|  0%| F|  |TAMS 0x0000000089400000| PB 0x0000000089400000| Untracked 
|  85|0x0000000089500000, 0x0000000089500000, 0x0000000089600000|  0%| F|  |TAMS 0x0000000089500000| PB 0x0000000089500000| Untracked 
|  86|0x0000000089600000, 0x0000000089600000, 0x0000000089700000|  0%| F|  |TAMS 0x0000000089600000| PB 0x0000000089600000| Untracked 
|  87|0x0000000089700000, 0x0000000089700000, 0x0000000089800000|  0%| F|  |TAMS 0x0000000089700000| PB 0x0000000089700000| Untracked 
|  88|0x0000000089800000, 0x0000000089800000, 0x0000000089900000|  0%| F|  |TAMS 0x0000000089800000| PB 0x0000000089800000| Untracked 
|  89|0x0000000089900000, 0x0000000089900000, 0x0000000089a00000|  0%| F|  |TAMS 0x0000000089900000| PB 0x0000000089900000| Untracked 
|  90|0x0000000089a00000, 0x0000000089a00000, 0x0000000089b00000|  0%| F|  |TAMS 0x0000000089a00000| PB 0x0000000089a00000| Untracked 
|  91|0x0000000089b00000, 0x0000000089b00000, 0x0000000089c00000|  0%| F|  |TAMS 0x0000000089b00000| PB 0x0000000089b00000| Untracked 
|  92|0x0000000089c00000, 0x0000000089c00000, 0x0000000089d00000|  0%| F|  |TAMS 0x0000000089c00000| PB 0x0000000089c00000| Untracked 
|  93|0x0000000089d00000, 0x0000000089d00000, 0x0000000089e00000|  0%| F|  |TAMS 0x0000000089d00000| PB 0x0000000089d00000| Untracked 
|  94|0x0000000089e00000, 0x0000000089e00000, 0x0000000089f00000|  0%| F|  |TAMS 0x0000000089e00000| PB 0x0000000089e00000| Untracked 
|  95|0x0000000089f00000, 0x0000000089f00000, 0x000000008a000000|  0%| F|  |TAMS 0x0000000089f00000| PB 0x0000000089f00000| Untracked 
|  96|0x000000008a000000, 0x000000008a000000, 0x000000008a100000|  0%| F|  |TAMS 0x000000008a000000| PB 0x000000008a000000| Untracked 
|  97|0x000000008a100000, 0x000000008a100000, 0x000000008a200000|  0%| F|  |TAMS 0x000000008a100000| PB 0x000000008a100000| Untracked 
|  98|0x000000008a200000, 0x000000008a200000, 0x000000008a300000|  0%| F|  |TAMS 0x000000008a200000| PB 0x000000008a200000| Untracked 
|  99|0x000000008a300000, 0x000000008a300000, 0x000000008a400000|  0%| F|  |TAMS 0x000000008a300000| PB 0x000000008a300000| Untracked 
| 100|0x000000008a400000, 0x000000008a400000, 0x000000008a500000|  0%| F|  |TAMS 0x000000008a400000| PB 0x000000008a400000| Untracked 
| 101|0x000000008a500000, 0x000000008a500000, 0x000000008a600000|  0%| F|  |TAMS 0x000000008a500000| PB 0x000000008a500000| Untracked 
| 102|0x000000008a600000, 0x000000008a600000, 0x000000008a700000|  0%| F|  |TAMS 0x000000008a600000| PB 0x000000008a600000| Untracked 
| 103|0x000000008a700000, 0x000000008a700000, 0x000000008a800000|  0%| F|  |TAMS 0x000000008a700000| PB 0x000000008a700000| Untracked 
| 104|0x000000008a800000, 0x000000008a800000, 0x000000008a900000|  0%| F|  |TAMS 0x000000008a800000| PB 0x000000008a800000| Untracked 
| 105|0x000000008a900000, 0x000000008a900000, 0x000000008aa00000|  0%| F|  |TAMS 0x000000008a900000| PB 0x000000008a900000| Untracked 
| 106|0x000000008aa00000, 0x000000008aa00000, 0x000000008ab00000|  0%| F|  |TAMS 0x000000008aa00000| PB 0x000000008aa00000| Untracked 
| 107|0x000000008ab00000, 0x000000008ab00000, 0x000000008ac00000|  0%| F|  |TAMS 0x000000008ab00000| PB 0x000000008ab00000| Untracked 
| 108|0x000000008ac00000, 0x000000008ac00000, 0x000000008ad00000|  0%| F|  |TAMS 0x000000008ac00000| PB 0x000000008ac00000| Untracked 
| 109|0x000000008ad00000, 0x000000008ad00000, 0x000000008ae00000|  0%| F|  |TAMS 0x000000008ad00000| PB 0x000000008ad00000| Untracked 
| 110|0x000000008ae00000, 0x000000008ae00000, 0x000000008af00000|  0%| F|  |TAMS 0x000000008ae00000| PB 0x000000008ae00000| Untracked 
| 111|0x000000008af00000, 0x000000008af00000, 0x000000008b000000|  0%| F|  |TAMS 0x000000008af00000| PB 0x000000008af00000| Untracked 
| 112|0x000000008b000000, 0x000000008b000000, 0x000000008b100000|  0%| F|  |TAMS 0x000000008b000000| PB 0x000000008b000000| Untracked 
| 113|0x000000008b100000, 0x000000008b100000, 0x000000008b200000|  0%| F|  |TAMS 0x000000008b100000| PB 0x000000008b100000| Untracked 
| 114|0x000000008b200000, 0x000000008b200000, 0x000000008b300000|  0%| F|  |TAMS 0x000000008b200000| PB 0x000000008b200000| Untracked 
| 115|0x000000008b300000, 0x000000008b300000, 0x000000008b400000|  0%| F|  |TAMS 0x000000008b300000| PB 0x000000008b300000| Untracked 
| 116|0x000000008b400000, 0x000000008b400000, 0x000000008b500000|  0%| F|  |TAMS 0x000000008b400000| PB 0x000000008b400000| Untracked 
| 117|0x000000008b500000, 0x000000008b500000, 0x000000008b600000|  0%| F|  |TAMS 0x000000008b500000| PB 0x000000008b500000| Untracked 
| 118|0x000000008b600000, 0x000000008b600000, 0x000000008b700000|  0%| F|  |TAMS 0x000000008b600000| PB 0x000000008b600000| Untracked 
| 119|0x000000008b700000, 0x000000008b700000, 0x000000008b800000|  0%| F|  |TAMS 0x000000008b700000| PB 0x000000008b700000| Untracked 
| 120|0x000000008b800000, 0x000000008b800000, 0x000000008b900000|  0%| F|  |TAMS 0x000000008b800000| PB 0x000000008b800000| Untracked 
| 121|0x000000008b900000, 0x000000008b900000, 0x000000008ba00000|  0%| F|  |TAMS 0x000000008b900000| PB 0x000000008b900000| Untracked 
| 122|0x000000008ba00000, 0x000000008ba75ca0, 0x000000008bb00000| 46%| E|  |TAMS 0x000000008ba00000| PB 0x000000008ba00000| Complete 
| 123|0x000000008bb00000, 0x000000008bc00000, 0x000000008bc00000|100%| E|CS|TAMS 0x000000008bb00000| PB 0x000000008bb00000| Complete 

Card table byte_map: [0x000002521f680000,0x000002521fa60000] _byte_map_base: 0x000002521f260000

Marking Bits: (CMBitMap*) 0x000002520ce6e6e0
 Bits: [0x000002521fa60000, 0x0000025221960000)

Polling page: 0x000002520add0000

Metaspace:

Usage:
  Non-class:      3.12 MB used.
      Class:    286.69 KB used.
       Both:      3.40 MB used.

Virtual space:
  Non-class space:       64.00 MB reserved,       3.12 MB (  5%) committed,  1 nodes.
      Class space:        1.00 GB reserved,     320.00 KB ( <1%) committed,  1 nodes.
             Both:        1.06 GB reserved,       3.44 MB ( <1%) committed. 

Chunk freelists:
   Non-Class:  12.00 MB
       Class:  15.62 MB
        Both:  27.62 MB

MaxMetaspaceSize: unlimited
CompressedClassSpaceSize: 1.00 GB
Initial GC threshold: 21.00 MB
Current GC threshold: 21.00 MB
CDS: off
 - commit_granule_bytes: 65536.
 - commit_granule_words: 8192.
 - virtual_space_node_default_size: 8388608.
 - enlarge_chunks_in_place: 1.
 - use_allocation_guard: 0.


Internal statistics:

num_allocs_failed_limit: 0.
num_arena_births: 2.
num_arena_deaths: 0.
num_vsnodes_births: 2.
num_vsnodes_deaths: 0.
num_space_committed: 55.
num_space_uncommitted: 0.
num_chunks_returned_to_freelist: 0.
num_chunks_taken_from_freelist: 4.
num_chunk_merges: 0.
num_chunk_splits: 2.
num_chunks_enlarged: 0.
num_inconsistent_stats: 0.

CodeHeap 'non-profiled nmethods': size=120000Kb used=1Kb max_used=1Kb free=119998Kb
 bounds [0x0000025217a40000, 0x0000025217cb0000, 0x000002521ef70000]
CodeHeap 'profiled nmethods': size=120000Kb used=8Kb max_used=8Kb free=119991Kb
 bounds [0x000002520ff70000, 0x00000252101e0000, 0x00000252174a0000]
CodeHeap 'non-nmethods': size=5760Kb used=1207Kb max_used=1215Kb free=4552Kb
 bounds [0x00000252174a0000, 0x0000025217710000, 0x0000025217a40000]
CodeCache: size=245760Kb, used=1216Kb, max_used=1224Kb, free=244541Kb
 total_blobs=298, nmethods=7, adapters=197, full_count=0
Compilation: enabled, stopped_count=0, restarted_count=0

Compilation events (13 events):
Event: 0.052 Thread 0x00000252245b1040    1       3       jdk.internal.util.ArraysSupport::signedHashCode (37 bytes)
Event: 0.053 Thread 0x00000252245b1040 nmethod 1 0x000002520ff70010 code [0x000002520ff701c0, 0x000002520ff70390]
Event: 0.053 Thread 0x00000252245b1040    2       3       java.lang.Object::<init> (1 bytes)
Event: 0.053 Thread 0x00000252245b1040 nmethod 2 0x000002520ff70490 code [0x000002520ff70620, 0x000002520ff70728]
Event: 0.056 Thread 0x00000252245b1040    3       3       java.lang.String::hashCode (60 bytes)
Event: 0.056 Thread 0x00000252245b1040 nmethod 3 0x000002520ff70790 code [0x000002520ff70960, 0x000002520ff70ca0]
Event: 0.056 Thread 0x00000252245b1040    4       3       java.lang.String::charAt (25 bytes)
Event: 0.056 Thread 0x00000252245b1040 nmethod 4 0x000002520ff70d90 code [0x000002520ff70f80, 0x000002520ff714c0]
Event: 0.056 Thread 0x00000252245b1040    5       3       java.lang.StringLatin1::charAt (15 bytes)
Event: 0.057 Thread 0x00000252245b1040 nmethod 5 0x000002520ff71710 code [0x000002520ff718c0, 0x000002520ff71a88]
Event: 0.059 Thread 0x00000252245b1040    7       3       java.lang.StringLatin1::hashCode (52 bytes)
Event: 0.059 Thread 0x00000252245b1040 nmethod 7 0x000002520ff71b90 code [0x000002520ff71d60, 0x000002520ff71f88]
Event: 0.059 Thread 0x00000252245b1040    8       3       jdk.internal.util.ArraysSupport::vectorizedHashCode (158 bytes)

GC Heap History (0 events):
No events

Dll operation events (2 events):
Event: 0.007 Loaded shared library C:\Program Files\Android\Android Studio1\jbr\bin\java.dll
Event: 0.011 Loaded shared library C:\Program Files\Android\Android Studio1\jbr\bin\zip.dll

Deoptimization events (0 events):
No events

Classes loaded (20 events):
Event: 0.057 Loading class jdk/internal/access/JavaNetUriAccess
Event: 0.057 Loading class jdk/internal/access/JavaNetUriAccess done
Event: 0.057 Loading class java/net/URI$1 done
Event: 0.057 Loading class jdk/internal/module/SystemModulesMap
Event: 0.057 Loading class jdk/internal/module/SystemModulesMap done
Event: 0.057 Loading class jdk/internal/module/SystemModules$default
Event: 0.058 Loading class jdk/internal/module/SystemModules
Event: 0.058 Loading class jdk/internal/module/SystemModules done
Event: 0.058 Loading class jdk/internal/module/SystemModules$default done
Event: 0.058 Loading class jdk/internal/module/Builder
Event: 0.058 Loading class jdk/internal/module/Builder done
Event: 0.059 Loading class java/lang/module/ModuleDescriptor$Requires
Event: 0.059 Loading class java/lang/module/ModuleDescriptor$Requires done
Event: 0.059 Loading class java/lang/module/ModuleDescriptor$Exports
Event: 0.059 Loading class java/lang/module/ModuleDescriptor$Exports done
Event: 0.059 Loading class java/util/ImmutableCollections$SetN$SetNIterator
Event: 0.059 Loading class java/util/ImmutableCollections$SetN$SetNIterator done
Event: 0.059 Loading class java/lang/module/ModuleDescriptor$Opens
Event: 0.059 Loading class java/lang/module/ModuleDescriptor$Opens done
Event: 0.059 Loading class java/lang/module/ModuleDescriptor$Provides

Classes unloaded (0 events):
No events

Classes redefined (0 events):
No events

Internal exceptions (0 events):
No events

ZGC Phase Switch (0 events):
No events

VM Operations (0 events):
No events

Memory protections (0 events):
No events

Nmethod flushes (0 events):
No events

Events (10 events):
Event: 0.010 Thread 0x000002520ce1f0f0 Thread added: 0x000002520ce1f0f0
Event: 0.045 Thread 0x000002520ce1f0f0 Thread added: 0x00000252245a8e60
Event: 0.050 Thread 0x000002520ce1f0f0 Thread added: 0x00000252245ba3d0
Event: 0.050 Thread 0x000002520ce1f0f0 Thread added: 0x00000252245bae30
Event: 0.051 Thread 0x000002520ce1f0f0 Thread added: 0x00000252245e1900
Event: 0.051 Thread 0x000002520ce1f0f0 Thread added: 0x00000252245af0e0
Event: 0.051 Thread 0x000002520ce1f0f0 Thread added: 0x00000252245afb40
Event: 0.051 Thread 0x000002520ce1f0f0 Thread added: 0x00000252245e9f80
Event: 0.051 Thread 0x000002520ce1f0f0 Thread added: 0x00000252245b05a0
Event: 0.051 Thread 0x000002520ce1f0f0 Thread added: 0x00000252245b1040


Dynamic libraries:
0x00007ff7b7c80000 - 0x00007ff7b7c8a000 	C:\Program Files\Android\Android Studio1\jbr\bin\java.exe
0x00007ffcaf360000 - 0x00007ffcaf5c8000 	C:\WINDOWS\SYSTEM32\ntdll.dll
0x00007ffcad380000 - 0x00007ffcad449000 	C:\WINDOWS\System32\KERNEL32.DLL
0x00007ffcac4b0000 - 0x00007ffcac89d000 	C:\WINDOWS\System32\KERNELBASE.dll
0x00007ffcacf00000 - 0x00007ffcad04b000 	C:\WINDOWS\System32\ucrtbase.dll
0x00007ffca7190000 - 0x00007ffca71ab000 	C:\Program Files\Android\Android Studio1\jbr\bin\VCRUNTIME140.dll
0x00007ffca5f70000 - 0x00007ffca5f88000 	C:\Program Files\Android\Android Studio1\jbr\bin\jli.dll
0x00007ffcae940000 - 0x00007ffcaeb0c000 	C:\WINDOWS\System32\USER32.dll
0x00007ffcaced0000 - 0x00007ffcacef7000 	C:\WINDOWS\System32\win32u.dll
0x00007ffc95f70000 - 0x00007ffc9620a000 	C:\WINDOWS\WinSxS\amd64_microsoft.windows.common-controls_6595b64144ccf1df_6.0.26100.4484_none_3e0e6d4ce32ef3b3\COMCTL32.dll
0x00007ffcad450000 - 0x00007ffcad47b000 	C:\WINDOWS\System32\GDI32.dll
0x00007ffcad100000 - 0x00007ffcad1a9000 	C:\WINDOWS\System32\msvcrt.dll
0x00007ffcacae0000 - 0x00007ffcacc17000 	C:\WINDOWS\System32\gdi32full.dll
0x00007ffcad050000 - 0x00007ffcad0f3000 	C:\WINDOWS\System32\msvcp_win.dll
0x00007ffcaeb80000 - 0x00007ffcaebaf000 	C:\WINDOWS\System32\IMM32.DLL
0x00007ffca70b0000 - 0x00007ffca70bc000 	C:\Program Files\Android\Android Studio1\jbr\bin\vcruntime140_1.dll
0x00007ffc9afd0000 - 0x00007ffc9b05d000 	C:\Program Files\Android\Android Studio1\jbr\bin\msvcp140.dll
0x00007ffc4cd50000 - 0x00007ffc4d9e6000 	C:\Program Files\Android\Android Studio1\jbr\bin\server\jvm.dll
0x00007ffcad850000 - 0x00007ffcad904000 	C:\WINDOWS\System32\ADVAPI32.dll
0x00007ffcad2d0000 - 0x00007ffcad376000 	C:\WINDOWS\System32\sechost.dll
0x00007ffcad1b0000 - 0x00007ffcad2c8000 	C:\WINDOWS\System32\RPCRT4.dll
0x00007ffcad6d0000 - 0x00007ffcad744000 	C:\WINDOWS\System32\WS2_32.dll
0x00007ffcac320000 - 0x00007ffcac37e000 	C:\WINDOWS\SYSTEM32\POWRPROF.dll
0x00007ffca4e20000 - 0x00007ffca4e2b000 	C:\WINDOWS\SYSTEM32\VERSION.dll
0x00007ffc99110000 - 0x00007ffc99145000 	C:\WINDOWS\SYSTEM32\WINMM.dll
0x00007ffcac300000 - 0x00007ffcac314000 	C:\WINDOWS\SYSTEM32\UMPDC.dll
0x00007ffcab0e0000 - 0x00007ffcab0fb000 	C:\WINDOWS\SYSTEM32\kernel.appcore.dll
0x00007ffca70a0000 - 0x00007ffca70aa000 	C:\Program Files\Android\Android Studio1\jbr\bin\jimage.dll
0x00007ffca9a50000 - 0x00007ffca9c91000 	C:\WINDOWS\SYSTEM32\DBGHELP.DLL
0x00007ffcaef00000 - 0x00007ffcaf286000 	C:\WINDOWS\System32\combase.dll
0x00007ffcae090000 - 0x00007ffcae170000 	C:\WINDOWS\System32\OLEAUT32.dll
0x00007ffc87df0000 - 0x00007ffc87e33000 	C:\WINDOWS\SYSTEM32\dbgcore.DLL
0x00007ffcace30000 - 0x00007ffcacec9000 	C:\WINDOWS\System32\bcryptPrimitives.dll
0x00007ffca6d00000 - 0x00007ffca6d20000 	C:\Program Files\Android\Android Studio1\jbr\bin\java.dll
0x00007ffca6ce0000 - 0x00007ffca6cf8000 	C:\Program Files\Android\Android Studio1\jbr\bin\zip.dll
0x00007ffcad940000 - 0x00007ffcae08a000 	C:\WINDOWS\System32\SHELL32.dll
0x00007ffcaccb0000 - 0x00007ffcace24000 	C:\WINDOWS\System32\wintypes.dll
0x00007ffca9d90000 - 0x00007ffcaa5eb000 	C:\WINDOWS\SYSTEM32\windows.storage.dll
0x00007ffcad750000 - 0x00007ffcad845000 	C:\WINDOWS\System32\SHCORE.dll
0x00007ffcaeb10000 - 0x00007ffcaeb7a000 	C:\WINDOWS\System32\shlwapi.dll
0x00007ffcac3c0000 - 0x00007ffcac3ef000 	C:\WINDOWS\SYSTEM32\profapi.dll

JVMTI agents: none

dbghelp: loaded successfully - version: 4.0.5 - missing functions: none
symbol engine: initialized successfully - sym options: 0x614 - pdb path: .;C:\Program Files\Android\Android Studio1\jbr\bin;C:\WINDOWS\SYSTEM32;C:\WINDOWS\WinSxS\amd64_microsoft.windows.common-controls_6595b64144ccf1df_6.0.26100.4484_none_3e0e6d4ce32ef3b3;C:\Program Files\Android\Android Studio1\jbr\bin\server

VM Arguments:
java_command: org.jetbrains.kotlin.cli.jvm.K2JVMCompiler @E:\Mwende\AndroidStudio\AndroidStudioProjects\Telemed\app\build\20251012_17188712506478842470.compiler.options
java_class_path (initial): E:\Mwende\AndroidStudio\Sdk\caches\modules-2\files-2.1\org.jetbrains.kotlin\kotlin-compiler-embeddable\1.9.23\460f3eeb4ac5383e60a09898bafa9b63838cc2ea\kotlin-compiler-embeddable-1.9.23.jar;E:\Mwende\AndroidStudio\Sdk\caches\modules-2\files-2.1\org.jetbrains.kotlin\kotlin-stdlib\1.9.23\dbaadea1f5e68f790d242a91a38355a83ec38747\kotlin-stdlib-1.9.23.jar;E:\Mwende\AndroidStudio\Sdk\caches\modules-2\files-2.1\org.jetbrains.kotlin\kotlin-script-runtime\1.9.23\1375a7343d05891119fac57f8b50a7578420ac27\kotlin-script-runtime-1.9.23.jar;E:\Mwende\AndroidStudio\Sdk\caches\modules-2\files-2.1\org.jetbrains.kotlin\kotlin-reflect\1.6.10\1cbe9c92c12a94eea200d23c2bbaedaf3daf5132\kotlin-reflect-1.6.10.jar;E:\Mwende\AndroidStudio\Sdk\caches\modules-2\files-2.1\org.jetbrains.kotlin\kotlin-daemon-embeddable\1.9.23\a6ad5e888015dc4f9eb828ea753167f256093c6a\kotlin-daemon-embeddable-1.9.23.jar;E:\Mwende\AndroidStudio\Sdk\caches\modules-2\files-2.1\org.jetbrains.intellij.deps\trove4j\1.0.20200330\3afb14d5f9ceb459d724e907a21145e8ff394f02\trove4j-1.0.20200330.jar;E:\Mwende\AndroidStudio\Sdk\caches\modules-2\files-2.1\org.jetbrains\annotations\13.0\919f0dfe192fb4e063e7dacadee7f8bb9a2672a9\annotations-13.0.jar
Launcher Type: SUN_STANDARD

[Global flags]
     intx CICompilerCount                          = 4                                         {product} {ergonomic}
     uint ConcGCThreads                            = 2                                         {product} {ergonomic}
     uint G1ConcRefinementThreads                  = 8                                         {product} {ergonomic}
   size_t G1HeapRegionSize                         = 1048576                                   {product} {ergonomic}
    uintx GCDrainStackTargetSize                   = 64                                        {product} {ergonomic}
   size_t InitialHeapSize                          = 130023424                                 {product} {ergonomic}
   size_t MarkStackSize                            = 4194304                                   {product} {ergonomic}
   size_t MaxHeapSize                              = 2080374784                                {product} {ergonomic}
   size_t MaxNewSize                               = 1247805440                                {product} {ergonomic}
   size_t MinHeapDeltaBytes                        = 1048576                                   {product} {ergonomic}
   size_t MinHeapSize                              = 8388608                                   {product} {ergonomic}
    uintx NonNMethodCodeHeapSize                   = 5839372                                {pd product} {ergonomic}
    uintx NonProfiledCodeHeapSize                  = 122909434                              {pd product} {ergonomic}
    uintx ProfiledCodeHeapSize                     = 122909434                              {pd product} {ergonomic}
    uintx ReservedCodeCacheSize                    = 251658240                              {pd product} {ergonomic}
     bool SegmentedCodeCache                       = true                                      {product} {ergonomic}
   size_t SoftMaxHeapSize                          = 2080374784                             {manageable} {ergonomic}
     bool UseCompressedOops                        = true                           {product lp64_product} {ergonomic}
     bool UseG1GC                                  = true                                      {product} {ergonomic}
     bool UseLargePagesIndividualAllocation        = false                                  {pd product} {ergonomic}

Logging:
Log output configuration:
 #0: stdout all=warning uptime,level,tags foldmultilines=false
 #1: stderr all=off uptime,level,tags foldmultilines=false

Environment Variables:
PATH=C:\Program Files\Google\Chrome\Application;C:\WINDOWS\system32;C:\WINDOWS;C:\WINDOWS\System32\Wbem;C:\WINDOWS\System32\WindowsPowerShell\v1.0\;C:\WINDOWS\System32\OpenSSH\;C:\Program Files\Docker\Docker\resources\bin;C:\Program Files\Git\cmd;C:\Program Files\nodejs\;C:\ProgramData\chocolatey\bin;C:\Users\TraceyKyalo\AppData\Local\Programs\Python\Python313\Scripts\;C:\Users\TraceyKyalo\AppData\Local\Programs\Python\Python313\;C:\Users\TraceyKyalo\AppData\Local\Programs\Python\Launcher\;C:\Users\TraceyKyalo\AppData\Local\Microsoft\WindowsApps;C:\Users\TraceyKyalo\AppData\Local\Programs\Microsoft VS Code\bin;C:\Users\TraceyKyalo\AppData\Roaming\npm
USERNAME=TraceyKyalo
OS=Windows_NT
PROCESSOR_IDENTIFIER=Intel64 Family 6 Model 126 Stepping 5, GenuineIntel
TMP=C:\Users\TRACEY~1\AppData\Local\Temp
TEMP=C:\Users\TRACEY~1\AppData\Local\Temp




Periodic native trim disabled

JNI global refs:
JNI global refs: 5, weak refs: 0

JNI global refs memory usage: 835, weak refs: 201

Process memory usage:
Resident Set Size: 29340K (0% of 8124792K total physical memory with 1082616K free physical memory)

OOME stack traces (most recent first):
Classloader memory used:
Loader bootstrap                                                                       : 3486K

---------------  S Y S T E M  ---------------

OS:
 Windows 11 , 64 bit Build 26100 (10.0.26100.4484)
OS uptime: 0 days 3:25 hours
Hyper-V role detected

CPU: total 8 (initial active 8) (4 cores per cpu, 2 threads per core) family 6 model 126 stepping 5 microcode 0x86, cx8, cmov, fxsr, ht, mmx, 3dnowpref, sse, sse2, sse3, ssse3, sse4.1, sse4.2, popcnt, lzcnt, tsc, tscinvbit, avx, avx2, aes, erms, clmul, bmi1, bmi2, adx, avx512f, avx512dq, avx512cd, avx512bw, avx512vl, sha, fma, vzeroupper, avx512_vpopcntdq, avx512_vpclmulqdq, avx512_vaes, avx512_vnni, clflush, clflushopt, avx512_vbmi2, avx512_vbmi, hv, rdtscp, rdpid, fsrm, gfni, avx512_bitalg, f16c, avx512_ifma
Processor Information for the first 8 processors :
  Max Mhz: 1190, Current Mhz: 991, Mhz Limit: 987

Memory: 4k page, system-wide physical 7934M (1057M free)
TotalPageFile size 11790M (AvailPageFile size 5M)
current process WorkingSet (physical memory assigned to process): 28M, peak: 28M
current process commit charge ("private bytes"): 195M, peak: 196M

vm_info: OpenJDK 64-Bit Server VM (21.0.8+-14018985-b1038.68) for windows-amd64 JRE (21.0.8+-14018985-b1038.68), built on 2025-08-29T19:56:34Z by "builder" with MS VC++ 16.10 / 16.11 (VS2019)

END.
